TpTrace Verbose: 0 : 3056, 1, 2024/08/07, 14:01:26.887, 166369499116, vstest.console.dll, Version: 17.10.0-release-24272-11 Current process architecture: X64
TpTrace Verbose: 0 : 3056, 1, 2024/08/07, 14:01:26.892, 166369555422, vstest.console.dll, Runtime location: C:\Program Files\dotnet\shared\Microsoft.NETCore.App\8.0.7
TpTrace Verbose: 0 : 3056, 1, 2024/08/07, 14:01:26.896, 166369591192, vstest.console.dll, ArtifactProcessingPostProcessModeProcessorExecutor.Initialize: ArtifactProcessingMode.Collect
TpTrace Verbose: 0 : 3056, 1, 2024/08/07, 14:01:26.896, 166369595845, vstest.console.dll, TestSessionCorrelationIdProcessorModeProcessorExecutor.Initialize: TestSessionCorrelationId '3340_8120ede1-c12c-4ab5-859b-7bf34643aa1c'
TpTrace Information: 0 : 3056, 1, 2024/08/07, 14:01:26.906, 166369696084, vstest.console.dll, FilePatternParser: The given file C:\Users\gduluta\OneDrive - Centric\Desktop\Steam\Tests\bin\Debug\net8.0\fine-code-coverage\build-output\Application.Tests.dll is a full path.
TpTrace Verbose: 0 : 3056, 1, 2024/08/07, 14:01:26.914, 166369773969, vstest.console.dll, TestPluginCache.DiscoverTestExtensions: finding test extensions in assemblies ends with: RuntimeProvider.dll TPluginInfo: Microsoft.VisualStudio.TestPlatform.Common.ExtensionFramework.Utilities.TestRuntimePluginInformation TExtension: Microsoft.VisualStudio.TestPlatform.ObjectModel.Host.ITestRuntimeProvider
TpTrace Verbose: 0 : 3056, 1, 2024/08/07, 14:01:26.915, 166369780397, vstest.console.dll, TestPluginCache.GetExtensionPaths: Filtered extension paths: 
TpTrace Verbose: 0 : 3056, 1, 2024/08/07, 14:01:26.915, 166369782273, vstest.console.dll, TestPluginCache.GetExtensionPaths: Added default extension paths: C:\Program Files\dotnet\sdk\8.0.303\Extensions\Microsoft.Diagnostics.NETCore.Client.dll
C:\Program Files\dotnet\sdk\8.0.303\Extensions\Microsoft.TestPlatform.Extensions.BlameDataCollector.dll
C:\Program Files\dotnet\sdk\8.0.303\Extensions\Microsoft.TestPlatform.Extensions.EventLogCollector.dll
C:\Program Files\dotnet\sdk\8.0.303\Extensions\Microsoft.TestPlatform.TestHostRuntimeProvider.dll
C:\Program Files\dotnet\sdk\8.0.303\Extensions\Microsoft.VisualStudio.TestPlatform.Extensions.Html.TestLogger.dll
C:\Program Files\dotnet\sdk\8.0.303\Extensions\Microsoft.VisualStudio.TestPlatform.Extensions.Trx.TestLogger.dll
TpTrace Verbose: 0 : 3056, 1, 2024/08/07, 14:01:26.915, 166369783091, vstest.console.dll, TestPluginCache.GetExtensionPaths: Added unfilterableExtensionPaths: 
TpTrace Information: 0 : 3056, 1, 2024/08/07, 14:01:26.916, 166369794474, vstest.console.dll, AssemblyResolver.ctor: Creating AssemblyResolver with searchDirectories C:\Program Files\dotnet\sdk\8.0.303\Extensions,C:\Program Files\dotnet\sdk\8.0.303
TpTrace Verbose: 0 : 3056, 1, 2024/08/07, 14:01:26.919, 166369816954, vstest.console.dll, TestPluginCache.DiscoverTestExtensions: Discovering the extensions using extension path.
TpTrace Verbose: 0 : 3056, 1, 2024/08/07, 14:01:26.919, 166369819235, vstest.console.dll, TestPluginCache.GetExtensionPaths: Filtered extension paths: 
TpTrace Verbose: 0 : 3056, 1, 2024/08/07, 14:01:26.919, 166369820132, vstest.console.dll, TestPluginCache.GetExtensionPaths: Added default extension paths: C:\Program Files\dotnet\sdk\8.0.303\Extensions\Microsoft.Diagnostics.NETCore.Client.dll
C:\Program Files\dotnet\sdk\8.0.303\Extensions\Microsoft.TestPlatform.Extensions.BlameDataCollector.dll
C:\Program Files\dotnet\sdk\8.0.303\Extensions\Microsoft.TestPlatform.Extensions.EventLogCollector.dll
C:\Program Files\dotnet\sdk\8.0.303\Extensions\Microsoft.TestPlatform.TestHostRuntimeProvider.dll
C:\Program Files\dotnet\sdk\8.0.303\Extensions\Microsoft.VisualStudio.TestPlatform.Extensions.Html.TestLogger.dll
C:\Program Files\dotnet\sdk\8.0.303\Extensions\Microsoft.VisualStudio.TestPlatform.Extensions.Trx.TestLogger.dll
TpTrace Verbose: 0 : 3056, 1, 2024/08/07, 14:01:26.919, 166369820807, vstest.console.dll, TestPluginCache.GetExtensionPaths: Added unfilterableExtensionPaths: 
TpTrace Verbose: 0 : 3056, 1, 2024/08/07, 14:01:26.919, 166369822101, vstest.console.dll, TestPluginCache.DiscoverTestExtensions: Discovering the extensions using allExtensionPaths: C:\Program Files\dotnet\sdk\8.0.303\Extensions\Microsoft.Diagnostics.NETCore.Client.dll
C:\Program Files\dotnet\sdk\8.0.303\Extensions\Microsoft.TestPlatform.Extensions.BlameDataCollector.dll
C:\Program Files\dotnet\sdk\8.0.303\Extensions\Microsoft.TestPlatform.Extensions.EventLogCollector.dll
C:\Program Files\dotnet\sdk\8.0.303\Extensions\Microsoft.TestPlatform.TestHostRuntimeProvider.dll
C:\Program Files\dotnet\sdk\8.0.303\Extensions\Microsoft.VisualStudio.TestPlatform.Extensions.Html.TestLogger.dll
C:\Program Files\dotnet\sdk\8.0.303\Extensions\Microsoft.VisualStudio.TestPlatform.Extensions.Trx.TestLogger.dll
TpTrace Information: 0 : 3056, 1, 2024/08/07, 14:01:26.919, 166369824737, vstest.console.dll, AssemblyResolver.AddSearchDirectories: Adding more searchDirectories C:\Program Files\dotnet\sdk\8.0.303\Extensions,C:\Program Files\dotnet\sdk\8.0.303
TpTrace Information: 0 : 3056, 1, 2024/08/07, 14:01:26.919, 166369826141, vstest.console.dll, AssemblyResolver.AddSearchDirectories: Adding more searchDirectories C:\Program Files\dotnet\sdk\8.0.303\Extensions,C:\Program Files\dotnet\sdk\8.0.303
TpTrace Information: 0 : 3056, 1, 2024/08/07, 14:01:26.920, 166369827011, vstest.console.dll, AssemblyResolver.AddSearchDirectories: Adding more searchDirectories C:\Program Files\dotnet\sdk\8.0.303\Extensions,C:\Program Files\dotnet\sdk\8.0.303
TpTrace Information: 0 : 3056, 1, 2024/08/07, 14:01:26.920, 166369827702, vstest.console.dll, AssemblyResolver.AddSearchDirectories: Adding more searchDirectories C:\Program Files\dotnet\sdk\8.0.303\Extensions,C:\Program Files\dotnet\sdk\8.0.303
TpTrace Information: 0 : 3056, 1, 2024/08/07, 14:01:26.920, 166369828341, vstest.console.dll, AssemblyResolver.AddSearchDirectories: Adding more searchDirectories C:\Program Files\dotnet\sdk\8.0.303\Extensions,C:\Program Files\dotnet\sdk\8.0.303
TpTrace Information: 0 : 3056, 1, 2024/08/07, 14:01:26.920, 166369829113, vstest.console.dll, AssemblyResolver.AddSearchDirectories: Adding more searchDirectories C:\Program Files\dotnet\sdk\8.0.303\Extensions,C:\Program Files\dotnet\sdk\8.0.303
TpTrace Information: 0 : 3056, 1, 2024/08/07, 14:01:26.921, 166369838220, vstest.console.dll, AssemblyResolver.OnResolve: Microsoft.Diagnostics.NETCore.Client: Resolving assembly.
TpTrace Information: 0 : 3056, 1, 2024/08/07, 14:01:26.921, 166369839613, vstest.console.dll, AssemblyResolver.OnResolve: Microsoft.Diagnostics.NETCore.Client: Searching in: 'C:\Program Files\dotnet\sdk\8.0.303\Extensions'.
TpTrace Information: 0 : 3056, 1, 2024/08/07, 14:01:26.930, 166369933078, vstest.console.dll, AssemblyResolver.OnResolve: Microsoft.Diagnostics.NETCore.Client: Loading assembly 'C:\Program Files\dotnet\sdk\8.0.303\Extensions\Microsoft.Diagnostics.NETCore.Client.dll'.
TpTrace Information: 0 : 3056, 1, 2024/08/07, 14:01:26.931, 166369943521, vstest.console.dll, AssemblyResolver.OnResolve: Resolved assembly: Microsoft.Diagnostics.NETCore.Client, from path: C:\Program Files\dotnet\sdk\8.0.303\Extensions\Microsoft.Diagnostics.NETCore.Client.dll
TpTrace Verbose: 0 : 3056, 1, 2024/08/07, 14:01:26.938, 166370014463, vstest.console.dll, MetadataReaderExtensionsHelper: Discovering extensions inside assembly 'Microsoft.Diagnostics.NETCore.Client, Version=0.2.10.15101, Culture=neutral, PublicKeyToken=31bf3856ad364e35' file path 'C:\Program Files\dotnet\sdk\8.0.303\Extensions\Microsoft.Diagnostics.NETCore.Client.dll'
TpTrace Information: 0 : 3056, 1, 2024/08/07, 14:01:26.944, 166370069899, vstest.console.dll, AssemblyResolver.OnResolve: Microsoft.Bcl.AsyncInterfaces: Resolving assembly.
TpTrace Information: 0 : 3056, 1, 2024/08/07, 14:01:26.944, 166370071056, vstest.console.dll, AssemblyResolver.OnResolve: Microsoft.Bcl.AsyncInterfaces: Searching in: 'C:\Program Files\dotnet\sdk\8.0.303\Extensions'.
TpTrace Information: 0 : 3056, 1, 2024/08/07, 14:01:26.944, 166370072178, vstest.console.dll, AssemblyResolver.OnResolve: Microsoft.Bcl.AsyncInterfaces: Assembly path does not exist: 'C:\Program Files\dotnet\sdk\8.0.303\Extensions\Microsoft.Bcl.AsyncInterfaces.dll', returning.
TpTrace Information: 0 : 3056, 1, 2024/08/07, 14:01:26.944, 166370073711, vstest.console.dll, AssemblyResolver.OnResolve: Microsoft.Bcl.AsyncInterfaces: Assembly path does not exist: 'C:\Program Files\dotnet\sdk\8.0.303\Extensions\Microsoft.Bcl.AsyncInterfaces.exe', returning.
TpTrace Information: 0 : 3056, 1, 2024/08/07, 14:01:26.944, 166370074245, vstest.console.dll, AssemblyResolver.OnResolve: Microsoft.Bcl.AsyncInterfaces: Searching in: 'C:\Program Files\dotnet\sdk\8.0.303'.
TpTrace Information: 0 : 3056, 1, 2024/08/07, 14:01:26.944, 166370075064, vstest.console.dll, AssemblyResolver.OnResolve: Microsoft.Bcl.AsyncInterfaces: Assembly path does not exist: 'C:\Program Files\dotnet\sdk\8.0.303\Microsoft.Bcl.AsyncInterfaces.dll', returning.
TpTrace Information: 0 : 3056, 1, 2024/08/07, 14:01:26.944, 166370075863, vstest.console.dll, AssemblyResolver.OnResolve: Microsoft.Bcl.AsyncInterfaces: Assembly path does not exist: 'C:\Program Files\dotnet\sdk\8.0.303\Microsoft.Bcl.AsyncInterfaces.exe', returning.
TpTrace Information: 0 : 3056, 1, 2024/08/07, 14:01:26.945, 166370076243, vstest.console.dll, AssemblyResolver.OnResolve: Microsoft.Bcl.AsyncInterfaces: Failed to load assembly.
TpTrace Verbose: 0 : 3056, 1, 2024/08/07, 14:01:26.945, 166370076774, vstest.console.dll, CurrentDomainAssemblyResolve: Resolving assembly 'Microsoft.Bcl.AsyncInterfaces'.
TpTrace Information: 0 : 3056, 1, 2024/08/07, 14:01:26.945, 166370078073, vstest.console.dll, AssemblyResolver.OnResolve: Microsoft.Bcl.AsyncInterfaces: Resolving assembly.
TpTrace Information: 0 : 3056, 1, 2024/08/07, 14:01:26.945, 166370078604, vstest.console.dll, AssemblyResolver.OnResolve: Microsoft.Bcl.AsyncInterfaces: Resolved from cache.
TpTrace Verbose: 0 : 3056, 1, 2024/08/07, 14:01:26.945, 166370078962, vstest.console.dll, CurrentDomainAssemblyResolve: Resolving assembly 'Microsoft.Bcl.AsyncInterfaces'.
TpTrace Verbose: 0 : 3056, 1, 2024/08/07, 14:01:26.945, 166370079413, vstest.console.dll, CurrentDomainAssemblyResolve: Failed to resolve assembly 'Microsoft.Bcl.AsyncInterfaces'.
TpTrace Verbose: 0 : 3056, 1, 2024/08/07, 14:01:26.947, 166370099048, vstest.console.dll, CurrentDomainAssemblyResolve: Failed to resolve assembly 'Microsoft.Bcl.AsyncInterfaces'.
TpTrace Warning: 0 : 3056, 1, 2024/08/07, 14:01:26.969, 166370320661, vstest.console.dll, TestPluginDiscoverer: Failed to get types from assembly 'Microsoft.Diagnostics.NETCore.Client, Version=0.2.10.15101, Culture=neutral, PublicKeyToken=31bf3856ad364e35'. Error: System.Reflection.ReflectionTypeLoadException: Unable to load one or more of the requested types.
Could not load file or assembly 'Microsoft.Bcl.AsyncInterfaces, Version=6.0.0.0, Culture=neutral, PublicKeyToken=cc7b13ffcd2ddd51'. The system cannot find the file specified.
   at System.Reflection.RuntimeModule.GetTypes(RuntimeModule module)
   at System.Reflection.RuntimeModule.GetTypes()
   at Microsoft.VisualStudio.TestPlatform.Common.ExtensionFramework.TestPluginDiscoverer.GetTestExtensionsFromAssembly[TPluginInfo,TExtension](Assembly assembly, Dictionary`2 pluginInfos, String filePath) in /_/src/Microsoft.TestPlatform.Common/ExtensionFramework/TestPluginDiscoverer.cs:line 158
System.IO.FileNotFoundException: Could not load file or assembly 'Microsoft.Bcl.AsyncInterfaces, Version=6.0.0.0, Culture=neutral, PublicKeyToken=cc7b13ffcd2ddd51'. The system cannot find the file specified.
File name: 'Microsoft.Bcl.AsyncInterfaces, Version=6.0.0.0, Culture=neutral, PublicKeyToken=cc7b13ffcd2ddd51'
 ---> System.IO.FileNotFoundException: Could not load file or assembly 'Microsoft.Bcl.AsyncInterfaces, Culture=neutral, PublicKeyToken=null'. The system cannot find the file specified.
File name: 'Microsoft.Bcl.AsyncInterfaces, Culture=neutral, PublicKeyToken=null'
   at System.Reflection.RuntimeAssembly.InternalLoad(AssemblyName assemblyName, StackCrawlMark& stackMark, AssemblyLoadContext assemblyLoadContext, RuntimeAssembly requestingAssembly, Boolean throwOnFileNotFound)
   at System.Reflection.Assembly.Load(AssemblyName assemblyRef)
   at Microsoft.VisualStudio.TestPlatform.Common.ExtensionFramework.TestPluginCache.CurrentDomainAssemblyResolve(Object sender, AssemblyResolveEventArgs args) in /_/src/Microsoft.TestPlatform.Common/ExtensionFramework/TestPluginCache.cs:line 513
   at System.Runtime.Loader.AssemblyLoadContext.GetFirstResolvedAssemblyFromResolvingEvent(AssemblyName assemblyName)
   at System.Runtime.Loader.AssemblyLoadContext.ResolveUsingEvent(AssemblyName assemblyName)
   at System.Runtime.Loader.AssemblyLoadContext.ResolveUsingResolvingEvent(IntPtr gchManagedAssemblyLoadContext, AssemblyName assemblyName)
TpTrace Warning: 0 : 3056, 1, 2024/08/07, 14:01:26.970, 166370326500, vstest.console.dll, LoaderExceptions: System.IO.FileNotFoundException: Could not load file or assembly 'Microsoft.Bcl.AsyncInterfaces, Version=6.0.0.0, Culture=neutral, PublicKeyToken=cc7b13ffcd2ddd51'. The system cannot find the file specified.
File name: 'Microsoft.Bcl.AsyncInterfaces, Version=6.0.0.0, Culture=neutral, PublicKeyToken=cc7b13ffcd2ddd51'
 ---> System.IO.FileNotFoundException: Could not load file or assembly 'Microsoft.Bcl.AsyncInterfaces, Culture=neutral, PublicKeyToken=null'. The system cannot find the file specified.
File name: 'Microsoft.Bcl.AsyncInterfaces, Culture=neutral, PublicKeyToken=null'
   at System.Reflection.RuntimeAssembly.InternalLoad(AssemblyName assemblyName, StackCrawlMark& stackMark, AssemblyLoadContext assemblyLoadContext, RuntimeAssembly requestingAssembly, Boolean throwOnFileNotFound)
   at System.Reflection.Assembly.Load(AssemblyName assemblyRef)
   at Microsoft.VisualStudio.TestPlatform.Common.ExtensionFramework.TestPluginCache.CurrentDomainAssemblyResolve(Object sender, AssemblyResolveEventArgs args) in /_/src/Microsoft.TestPlatform.Common/ExtensionFramework/TestPluginCache.cs:line 513
   at System.Runtime.Loader.AssemblyLoadContext.GetFirstResolvedAssemblyFromResolvingEvent(AssemblyName assemblyName)
   at System.Runtime.Loader.AssemblyLoadContext.ResolveUsingEvent(AssemblyName assemblyName)
   at System.Runtime.Loader.AssemblyLoadContext.ResolveUsingResolvingEvent(IntPtr gchManagedAssemblyLoadContext, AssemblyName assemblyName)
TpTrace Information: 0 : 3056, 1, 2024/08/07, 14:01:26.970, 166370328716, vstest.console.dll, AssemblyResolver.OnResolve: Microsoft.TestPlatform.Extensions.BlameDataCollector: Resolving assembly.
TpTrace Information: 0 : 3056, 1, 2024/08/07, 14:01:26.970, 166370329315, vstest.console.dll, AssemblyResolver.OnResolve: Microsoft.TestPlatform.Extensions.BlameDataCollector: Searching in: 'C:\Program Files\dotnet\sdk\8.0.303\Extensions'.
TpTrace Information: 0 : 3056, 1, 2024/08/07, 14:01:26.970, 166370335261, vstest.console.dll, AssemblyResolver.OnResolve: Microsoft.TestPlatform.Extensions.BlameDataCollector: Loading assembly 'C:\Program Files\dotnet\sdk\8.0.303\Extensions\Microsoft.TestPlatform.Extensions.BlameDataCollector.dll'.
TpTrace Information: 0 : 3056, 1, 2024/08/07, 14:01:26.971, 166370345989, vstest.console.dll, AssemblyResolver.OnResolve: Resolved assembly: Microsoft.TestPlatform.Extensions.BlameDataCollector, from path: C:\Program Files\dotnet\sdk\8.0.303\Extensions\Microsoft.TestPlatform.Extensions.BlameDataCollector.dll
TpTrace Verbose: 0 : 3056, 1, 2024/08/07, 14:01:26.972, 166370348708, vstest.console.dll, MetadataReaderExtensionsHelper: Discovering extensions inside assembly 'Microsoft.TestPlatform.Extensions.BlameDataCollector, Version=15.0.0.0, Culture=neutral, PublicKeyToken=b03f5f7f11d50a3a' file path 'C:\Program Files\dotnet\sdk\8.0.303\Extensions\Microsoft.TestPlatform.Extensions.BlameDataCollector.dll'
TpTrace Information: 0 : 3056, 1, 2024/08/07, 14:01:26.973, 166370365616, vstest.console.dll, AssemblyResolver.OnResolve: Microsoft.TestPlatform.Extensions.EventLogCollector: Resolving assembly.
TpTrace Information: 0 : 3056, 1, 2024/08/07, 14:01:26.974, 166370366693, vstest.console.dll, AssemblyResolver.OnResolve: Microsoft.TestPlatform.Extensions.EventLogCollector: Searching in: 'C:\Program Files\dotnet\sdk\8.0.303\Extensions'.
TpTrace Information: 0 : 3056, 1, 2024/08/07, 14:01:26.974, 166370372316, vstest.console.dll, AssemblyResolver.OnResolve: Microsoft.TestPlatform.Extensions.EventLogCollector: Loading assembly 'C:\Program Files\dotnet\sdk\8.0.303\Extensions\Microsoft.TestPlatform.Extensions.EventLogCollector.dll'.
TpTrace Information: 0 : 3056, 1, 2024/08/07, 14:01:26.975, 166370377597, vstest.console.dll, AssemblyResolver.OnResolve: Resolved assembly: Microsoft.TestPlatform.Extensions.EventLogCollector, from path: C:\Program Files\dotnet\sdk\8.0.303\Extensions\Microsoft.TestPlatform.Extensions.EventLogCollector.dll
TpTrace Verbose: 0 : 3056, 1, 2024/08/07, 14:01:26.975, 166370378702, vstest.console.dll, MetadataReaderExtensionsHelper: Discovering extensions inside assembly 'Microsoft.TestPlatform.Extensions.EventLogCollector, Version=15.0.0.0, Culture=neutral, PublicKeyToken=b03f5f7f11d50a3a' file path 'C:\Program Files\dotnet\sdk\8.0.303\Extensions\Microsoft.TestPlatform.Extensions.EventLogCollector.dll'
TpTrace Information: 0 : 3056, 1, 2024/08/07, 14:01:26.977, 166370403747, vstest.console.dll, AssemblyResolver.OnResolve: Microsoft.TestPlatform.TestHostRuntimeProvider: Resolving assembly.
TpTrace Information: 0 : 3056, 1, 2024/08/07, 14:01:26.977, 166370404718, vstest.console.dll, AssemblyResolver.OnResolve: Microsoft.TestPlatform.TestHostRuntimeProvider: Searching in: 'C:\Program Files\dotnet\sdk\8.0.303\Extensions'.
TpTrace Information: 0 : 3056, 1, 2024/08/07, 14:01:26.978, 166370409523, vstest.console.dll, AssemblyResolver.OnResolve: Microsoft.TestPlatform.TestHostRuntimeProvider: Loading assembly 'C:\Program Files\dotnet\sdk\8.0.303\Extensions\Microsoft.TestPlatform.TestHostRuntimeProvider.dll'.
TpTrace Information: 0 : 3056, 1, 2024/08/07, 14:01:26.978, 166370415627, vstest.console.dll, AssemblyResolver.OnResolve: Resolved assembly: Microsoft.TestPlatform.TestHostRuntimeProvider, from path: C:\Program Files\dotnet\sdk\8.0.303\Extensions\Microsoft.TestPlatform.TestHostRuntimeProvider.dll
TpTrace Verbose: 0 : 3056, 1, 2024/08/07, 14:01:26.979, 166370416642, vstest.console.dll, MetadataReaderExtensionsHelper: Discovering extensions inside assembly 'Microsoft.TestPlatform.TestHostRuntimeProvider, Version=15.0.0.0, Culture=neutral, PublicKeyToken=b03f5f7f11d50a3a' file path 'C:\Program Files\dotnet\sdk\8.0.303\Extensions\Microsoft.TestPlatform.TestHostRuntimeProvider.dll'
TpTrace Information: 0 : 3056, 1, 2024/08/07, 14:01:26.981, 166370441972, vstest.console.dll, GetTestExtensionFromType: Register extension with identifier data 'HostProvider://DefaultTestHost' and type 'Microsoft.VisualStudio.TestPlatform.CrossPlatEngine.Hosting.DefaultTestHostManager, Microsoft.TestPlatform.TestHostRuntimeProvider, Version=15.0.0.0, Culture=neutral, PublicKeyToken=b03f5f7f11d50a3a' inside file 'C:\Program Files\dotnet\sdk\8.0.303\Extensions\Microsoft.TestPlatform.TestHostRuntimeProvider.dll'
TpTrace Information: 0 : 3056, 1, 2024/08/07, 14:01:26.981, 166370445744, vstest.console.dll, GetTestExtensionFromType: Register extension with identifier data 'HostProvider://DotnetTestHost' and type 'Microsoft.VisualStudio.TestPlatform.CrossPlatEngine.Hosting.DotnetTestHostManager, Microsoft.TestPlatform.TestHostRuntimeProvider, Version=15.0.0.0, Culture=neutral, PublicKeyToken=b03f5f7f11d50a3a' inside file 'C:\Program Files\dotnet\sdk\8.0.303\Extensions\Microsoft.TestPlatform.TestHostRuntimeProvider.dll'
TpTrace Information: 0 : 3056, 1, 2024/08/07, 14:01:26.982, 166370446808, vstest.console.dll, AssemblyResolver.OnResolve: Microsoft.VisualStudio.TestPlatform.Extensions.Html.TestLogger: Resolving assembly.
TpTrace Information: 0 : 3056, 1, 2024/08/07, 14:01:26.982, 166370447341, vstest.console.dll, AssemblyResolver.OnResolve: Microsoft.VisualStudio.TestPlatform.Extensions.Html.TestLogger: Searching in: 'C:\Program Files\dotnet\sdk\8.0.303\Extensions'.
TpTrace Information: 0 : 3056, 1, 2024/08/07, 14:01:26.982, 166370452873, vstest.console.dll, AssemblyResolver.OnResolve: Microsoft.VisualStudio.TestPlatform.Extensions.Html.TestLogger: Loading assembly 'C:\Program Files\dotnet\sdk\8.0.303\Extensions\Microsoft.VisualStudio.TestPlatform.Extensions.Html.TestLogger.dll'.
TpTrace Information: 0 : 3056, 1, 2024/08/07, 14:01:26.983, 166370460114, vstest.console.dll, AssemblyResolver.OnResolve: Resolved assembly: Microsoft.VisualStudio.TestPlatform.Extensions.Html.TestLogger, from path: C:\Program Files\dotnet\sdk\8.0.303\Extensions\Microsoft.VisualStudio.TestPlatform.Extensions.Html.TestLogger.dll
TpTrace Verbose: 0 : 3056, 1, 2024/08/07, 14:01:26.983, 166370461486, vstest.console.dll, MetadataReaderExtensionsHelper: Discovering extensions inside assembly 'Microsoft.VisualStudio.TestPlatform.Extensions.Html.TestLogger, Version=15.0.0.0, Culture=neutral, PublicKeyToken=b03f5f7f11d50a3a' file path 'C:\Program Files\dotnet\sdk\8.0.303\Extensions\Microsoft.VisualStudio.TestPlatform.Extensions.Html.TestLogger.dll'
TpTrace Information: 0 : 3056, 1, 2024/08/07, 14:01:26.984, 166370472674, vstest.console.dll, AssemblyResolver.OnResolve: Microsoft.VisualStudio.TestPlatform.Extensions.Trx.TestLogger: Resolving assembly.
TpTrace Information: 0 : 3056, 1, 2024/08/07, 14:01:26.984, 166370473809, vstest.console.dll, AssemblyResolver.OnResolve: Microsoft.VisualStudio.TestPlatform.Extensions.Trx.TestLogger: Searching in: 'C:\Program Files\dotnet\sdk\8.0.303\Extensions'.
TpTrace Information: 0 : 3056, 1, 2024/08/07, 14:01:26.985, 166370479396, vstest.console.dll, AssemblyResolver.OnResolve: Microsoft.VisualStudio.TestPlatform.Extensions.Trx.TestLogger: Loading assembly 'C:\Program Files\dotnet\sdk\8.0.303\Extensions\Microsoft.VisualStudio.TestPlatform.Extensions.Trx.TestLogger.dll'.
TpTrace Information: 0 : 3056, 1, 2024/08/07, 14:01:26.986, 166370487224, vstest.console.dll, AssemblyResolver.OnResolve: Resolved assembly: Microsoft.VisualStudio.TestPlatform.Extensions.Trx.TestLogger, from path: C:\Program Files\dotnet\sdk\8.0.303\Extensions\Microsoft.VisualStudio.TestPlatform.Extensions.Trx.TestLogger.dll
TpTrace Verbose: 0 : 3056, 1, 2024/08/07, 14:01:26.986, 166370488359, vstest.console.dll, MetadataReaderExtensionsHelper: Discovering extensions inside assembly 'Microsoft.VisualStudio.TestPlatform.Extensions.Trx.TestLogger, Version=15.0.0.0, Culture=neutral, PublicKeyToken=b03f5f7f11d50a3a' file path 'C:\Program Files\dotnet\sdk\8.0.303\Extensions\Microsoft.VisualStudio.TestPlatform.Extensions.Trx.TestLogger.dll'
TpTrace Verbose: 0 : 3056, 1, 2024/08/07, 14:01:26.987, 166370502690, vstest.console.dll, TestPluginCache: Discovered the extensions using extension path ''.
TpTrace Verbose: 0 : 3056, 1, 2024/08/07, 14:01:26.987, 166370504176, vstest.console.dll, TestPluginCache: Discoverers are ''.
TpTrace Verbose: 0 : 3056, 1, 2024/08/07, 14:01:26.987, 166370504557, vstest.console.dll, TestPluginCache: Executors are ''.
TpTrace Verbose: 0 : 3056, 1, 2024/08/07, 14:01:26.987, 166370504902, vstest.console.dll, TestPluginCache: Executors2 are ''.
TpTrace Verbose: 0 : 3056, 1, 2024/08/07, 14:01:26.987, 166370505222, vstest.console.dll, TestPluginCache: Setting providers are ''.
TpTrace Verbose: 0 : 3056, 1, 2024/08/07, 14:01:26.987, 166370505525, vstest.console.dll, TestPluginCache: Loggers are ''.
TpTrace Verbose: 0 : 3056, 1, 2024/08/07, 14:01:26.988, 166370506572, vstest.console.dll, TestPluginCache: TestHosts are 'HostProvider://DefaultTestHost,HostProvider://DotnetTestHost'.
TpTrace Verbose: 0 : 3056, 1, 2024/08/07, 14:01:26.988, 166370507069, vstest.console.dll, TestPluginCache: DataCollectors are ''.
TpTrace Information: 0 : 3056, 1, 2024/08/07, 14:01:27.003, 166370657424, vstest.console.dll, RunTestsArgumentProcessor:Execute: Test run is starting.
TpTrace Verbose: 0 : 3056, 1, 2024/08/07, 14:01:27.003, 166370658849, vstest.console.dll, RunTestsArgumentProcessor:Execute: Queuing Test run.
TpTrace Information: 0 : 3056, 1, 2024/08/07, 14:01:27.003, 166370662692, vstest.console.dll, TestRequestManager.RunTests: run tests started.
TpTrace Information: 0 : 3056, 1, 2024/08/07, 14:01:27.005, 166370676994, vstest.console.dll, AssemblyMetadataProvider.GetFrameworkName: Determined framework:'.NETCoreApp,Version=v8.0' for source: 'C:\Users\gduluta\OneDrive - Centric\Desktop\Steam\Tests\bin\Debug\net8.0\fine-code-coverage\build-output\Application.Tests.dll'
TpTrace Information: 0 : 3056, 1, 2024/08/07, 14:01:27.005, 166370679479, vstest.console.dll, Determined framework for all sources: .NETCoreApp,Version=v8.0
TpTrace Verbose: 0 : 3056, 1, 2024/08/07, 14:01:27.005, 166370684288, vstest.console.dll, TestRequestManager.UpdateRunSettingsIfRequired: Default architecture: X64 IsDefaultTargetArchitecture: True, Current process architecture: X64 OperatingSystem: Windows.
TpTrace Information: 0 : 3056, 1, 2024/08/07, 14:01:27.007, 166370704888, vstest.console.dll, AssemblyMetadataProvider.GetArchitecture: Determined architecture:AnyCPU info for assembly: C:\Users\gduluta\OneDrive - Centric\Desktop\Steam\Tests\bin\Debug\net8.0\fine-code-coverage\build-output\Application.Tests.dll
TpTrace Information: 0 : 3056, 1, 2024/08/07, 14:01:27.007, 166370706168, vstest.console.dll, Determined platform for source 'C:\Users\gduluta\OneDrive - Centric\Desktop\Steam\Tests\bin\Debug\net8.0\fine-code-coverage\build-output\Application.Tests.dll' was AnyCPU and it will use the default plaform X64.
TpTrace Information: 0 : 3056, 1, 2024/08/07, 14:01:27.008, 166370706756, vstest.console.dll, None of the sources provided any runnable platform, using the default platform: X64
TpTrace Information: 0 : 3056, 1, 2024/08/07, 14:01:27.008, 166370708207, vstest.console.dll, Platform was updated to 'X64'.
TpTrace Information: 0 : 3056, 1, 2024/08/07, 14:01:27.012, 166370748024, vstest.console.dll, InferRunSettingsHelper.IsTestSettingsEnabled: Unable to navigate to RunSettings/MSTest. Current node: RunSettings
TpTrace Information: 0 : 3056, 1, 2024/08/07, 14:01:27.013, 166370759745, vstest.console.dll, AssemblyResolver.OnResolve: Microsoft.VisualStudio.TestPlatform.Fakes: Resolving assembly.
TpTrace Information: 0 : 3056, 1, 2024/08/07, 14:01:27.013, 166370761336, vstest.console.dll, AssemblyResolver.OnResolve: Microsoft.VisualStudio.TestPlatform.Fakes: Searching in: 'C:\Program Files\dotnet\sdk\8.0.303\Extensions'.
TpTrace Information: 0 : 3056, 1, 2024/08/07, 14:01:27.013, 166370762969, vstest.console.dll, AssemblyResolver.OnResolve: Microsoft.VisualStudio.TestPlatform.Fakes: Assembly path does not exist: 'C:\Program Files\dotnet\sdk\8.0.303\Extensions\Microsoft.VisualStudio.TestPlatform.Fakes.dll', returning.
TpTrace Information: 0 : 3056, 1, 2024/08/07, 14:01:27.013, 166370764243, vstest.console.dll, AssemblyResolver.OnResolve: Microsoft.VisualStudio.TestPlatform.Fakes: Assembly path does not exist: 'C:\Program Files\dotnet\sdk\8.0.303\Extensions\Microsoft.VisualStudio.TestPlatform.Fakes.exe', returning.
TpTrace Information: 0 : 3056, 1, 2024/08/07, 14:01:27.013, 166370764663, vstest.console.dll, AssemblyResolver.OnResolve: Microsoft.VisualStudio.TestPlatform.Fakes: Searching in: 'C:\Program Files\dotnet\sdk\8.0.303'.
TpTrace Information: 0 : 3056, 1, 2024/08/07, 14:01:27.013, 166370766188, vstest.console.dll, AssemblyResolver.OnResolve: Microsoft.VisualStudio.TestPlatform.Fakes: Assembly path does not exist: 'C:\Program Files\dotnet\sdk\8.0.303\Microsoft.VisualStudio.TestPlatform.Fakes.dll', returning.
TpTrace Information: 0 : 3056, 1, 2024/08/07, 14:01:27.014, 166370768702, vstest.console.dll, AssemblyResolver.OnResolve: Microsoft.VisualStudio.TestPlatform.Fakes: Assembly path does not exist: 'C:\Program Files\dotnet\sdk\8.0.303\Microsoft.VisualStudio.TestPlatform.Fakes.exe', returning.
TpTrace Information: 0 : 3056, 1, 2024/08/07, 14:01:27.014, 166370769503, vstest.console.dll, AssemblyResolver.OnResolve: Microsoft.VisualStudio.TestPlatform.Fakes: Failed to load assembly.
TpTrace Information: 0 : 3056, 1, 2024/08/07, 14:01:27.014, 166370773571, vstest.console.dll, Failed to load assembly Microsoft.VisualStudio.TestPlatform.Fakes, Version=17.0.0.0, Culture=neutral. Reason:System.IO.FileNotFoundException: Could not load file or assembly 'Microsoft.VisualStudio.TestPlatform.Fakes, Version=17.0.0.0, Culture=neutral, PublicKeyToken=null'. The system cannot find the file specified.
File name: 'Microsoft.VisualStudio.TestPlatform.Fakes, Version=17.0.0.0, Culture=neutral, PublicKeyToken=null'
   at System.Reflection.RuntimeAssembly.InternalLoad(AssemblyName assemblyName, StackCrawlMark& stackMark, AssemblyLoadContext assemblyLoadContext, RuntimeAssembly requestingAssembly, Boolean throwOnFileNotFound)
   at System.Reflection.Assembly.Load(AssemblyName assemblyRef)
   at Microsoft.VisualStudio.TestPlatform.Common.Utilities.FakesUtilities.LoadTestPlatformAssembly() in /_/src/Microsoft.TestPlatform.Common/Utilities/FakesUtilities.cs:line 272
TpTrace Verbose: 0 : 3056, 1, 2024/08/07, 14:01:27.018, 166370815653, vstest.console.dll, TestPluginCache.DiscoverTestExtensions: finding test extensions in assemblies ends with: TestLogger.dll TPluginInfo: Microsoft.VisualStudio.TestPlatform.Common.ExtensionFramework.Utilities.TestLoggerPluginInformation TExtension: Microsoft.VisualStudio.TestPlatform.ObjectModel.Client.ITestLogger
TpTrace Verbose: 0 : 3056, 1, 2024/08/07, 14:01:27.019, 166370817104, vstest.console.dll, TestPluginCache.GetExtensionPaths: Filtered extension paths: 
TpTrace Verbose: 0 : 3056, 1, 2024/08/07, 14:01:27.019, 166370817579, vstest.console.dll, TestPluginCache.GetExtensionPaths: Added default extension paths: C:\Program Files\dotnet\sdk\8.0.303\Extensions\Microsoft.Diagnostics.NETCore.Client.dll
C:\Program Files\dotnet\sdk\8.0.303\Extensions\Microsoft.TestPlatform.Extensions.BlameDataCollector.dll
C:\Program Files\dotnet\sdk\8.0.303\Extensions\Microsoft.TestPlatform.Extensions.EventLogCollector.dll
C:\Program Files\dotnet\sdk\8.0.303\Extensions\Microsoft.TestPlatform.TestHostRuntimeProvider.dll
C:\Program Files\dotnet\sdk\8.0.303\Extensions\Microsoft.VisualStudio.TestPlatform.Extensions.Html.TestLogger.dll
C:\Program Files\dotnet\sdk\8.0.303\Extensions\Microsoft.VisualStudio.TestPlatform.Extensions.Trx.TestLogger.dll
TpTrace Verbose: 0 : 3056, 1, 2024/08/07, 14:01:27.019, 166370817947, vstest.console.dll, TestPluginCache.GetExtensionPaths: Added unfilterableExtensionPaths: 
TpTrace Information: 0 : 3056, 1, 2024/08/07, 14:01:27.019, 166370819649, vstest.console.dll, AssemblyResolver.AddSearchDirectories: Adding more searchDirectories C:\Program Files\dotnet\sdk\8.0.303\Extensions,C:\Program Files\dotnet\sdk\8.0.303
TpTrace Verbose: 0 : 3056, 1, 2024/08/07, 14:01:27.019, 166370820191, vstest.console.dll, TestPluginCache.DiscoverTestExtensions: Discovering the extensions using extension path.
TpTrace Verbose: 0 : 3056, 1, 2024/08/07, 14:01:27.019, 166370820603, vstest.console.dll, TestPluginCache.GetExtensionPaths: Filtered extension paths: 
TpTrace Verbose: 0 : 3056, 1, 2024/08/07, 14:01:27.019, 166370821011, vstest.console.dll, TestPluginCache.GetExtensionPaths: Added default extension paths: C:\Program Files\dotnet\sdk\8.0.303\Extensions\Microsoft.Diagnostics.NETCore.Client.dll
C:\Program Files\dotnet\sdk\8.0.303\Extensions\Microsoft.TestPlatform.Extensions.BlameDataCollector.dll
C:\Program Files\dotnet\sdk\8.0.303\Extensions\Microsoft.TestPlatform.Extensions.EventLogCollector.dll
C:\Program Files\dotnet\sdk\8.0.303\Extensions\Microsoft.TestPlatform.TestHostRuntimeProvider.dll
C:\Program Files\dotnet\sdk\8.0.303\Extensions\Microsoft.VisualStudio.TestPlatform.Extensions.Html.TestLogger.dll
C:\Program Files\dotnet\sdk\8.0.303\Extensions\Microsoft.VisualStudio.TestPlatform.Extensions.Trx.TestLogger.dll
TpTrace Verbose: 0 : 3056, 1, 2024/08/07, 14:01:27.019, 166370821369, vstest.console.dll, TestPluginCache.GetExtensionPaths: Added unfilterableExtensionPaths: 
TpTrace Verbose: 0 : 3056, 1, 2024/08/07, 14:01:27.019, 166370821776, vstest.console.dll, TestPluginCache.DiscoverTestExtensions: Discovering the extensions using allExtensionPaths: C:\Program Files\dotnet\sdk\8.0.303\Extensions\Microsoft.Diagnostics.NETCore.Client.dll
C:\Program Files\dotnet\sdk\8.0.303\Extensions\Microsoft.TestPlatform.Extensions.BlameDataCollector.dll
C:\Program Files\dotnet\sdk\8.0.303\Extensions\Microsoft.TestPlatform.Extensions.EventLogCollector.dll
C:\Program Files\dotnet\sdk\8.0.303\Extensions\Microsoft.TestPlatform.TestHostRuntimeProvider.dll
C:\Program Files\dotnet\sdk\8.0.303\Extensions\Microsoft.VisualStudio.TestPlatform.Extensions.Html.TestLogger.dll
C:\Program Files\dotnet\sdk\8.0.303\Extensions\Microsoft.VisualStudio.TestPlatform.Extensions.Trx.TestLogger.dll
TpTrace Information: 0 : 3056, 1, 2024/08/07, 14:01:27.019, 166370822913, vstest.console.dll, AssemblyResolver.AddSearchDirectories: Adding more searchDirectories C:\Program Files\dotnet\sdk\8.0.303\Extensions,C:\Program Files\dotnet\sdk\8.0.303
TpTrace Information: 0 : 3056, 1, 2024/08/07, 14:01:27.019, 166370823476, vstest.console.dll, AssemblyResolver.AddSearchDirectories: Adding more searchDirectories C:\Program Files\dotnet\sdk\8.0.303\Extensions,C:\Program Files\dotnet\sdk\8.0.303
TpTrace Information: 0 : 3056, 1, 2024/08/07, 14:01:27.019, 166370823882, vstest.console.dll, AssemblyResolver.AddSearchDirectories: Adding more searchDirectories C:\Program Files\dotnet\sdk\8.0.303\Extensions,C:\Program Files\dotnet\sdk\8.0.303
TpTrace Information: 0 : 3056, 1, 2024/08/07, 14:01:27.019, 166370824265, vstest.console.dll, AssemblyResolver.AddSearchDirectories: Adding more searchDirectories C:\Program Files\dotnet\sdk\8.0.303\Extensions,C:\Program Files\dotnet\sdk\8.0.303
TpTrace Information: 0 : 3056, 1, 2024/08/07, 14:01:27.019, 166370824635, vstest.console.dll, AssemblyResolver.AddSearchDirectories: Adding more searchDirectories C:\Program Files\dotnet\sdk\8.0.303\Extensions,C:\Program Files\dotnet\sdk\8.0.303
TpTrace Information: 0 : 3056, 1, 2024/08/07, 14:01:27.019, 166370825061, vstest.console.dll, AssemblyResolver.AddSearchDirectories: Adding more searchDirectories C:\Program Files\dotnet\sdk\8.0.303\Extensions,C:\Program Files\dotnet\sdk\8.0.303
TpTrace Verbose: 0 : 3056, 1, 2024/08/07, 14:01:27.020, 166370826255, vstest.console.dll, MetadataReaderExtensionsHelper: Discovering extensions inside assembly 'Microsoft.Diagnostics.NETCore.Client, Version=0.2.10.15101, Culture=neutral, PublicKeyToken=31bf3856ad364e35' file path 'C:\Program Files\dotnet\sdk\8.0.303\Extensions\Microsoft.Diagnostics.NETCore.Client.dll'
TpTrace Information: 0 : 3056, 1, 2024/08/07, 14:01:27.020, 166370834180, vstest.console.dll, AssemblyResolver.OnResolve: Microsoft.Bcl.AsyncInterfaces: Resolving assembly.
TpTrace Information: 0 : 3056, 1, 2024/08/07, 14:01:27.020, 166370834834, vstest.console.dll, AssemblyResolver.OnResolve: Microsoft.Bcl.AsyncInterfaces: Resolved from cache.
TpTrace Verbose: 0 : 3056, 1, 2024/08/07, 14:01:27.020, 166370835210, vstest.console.dll, CurrentDomainAssemblyResolve: Resolving assembly 'Microsoft.Bcl.AsyncInterfaces'.
TpTrace Information: 0 : 3056, 1, 2024/08/07, 14:01:27.020, 166370835879, vstest.console.dll, AssemblyResolver.OnResolve: Microsoft.Bcl.AsyncInterfaces: Resolving assembly.
TpTrace Information: 0 : 3056, 1, 2024/08/07, 14:01:27.021, 166370836262, vstest.console.dll, AssemblyResolver.OnResolve: Microsoft.Bcl.AsyncInterfaces: Resolved from cache.
TpTrace Verbose: 0 : 3056, 1, 2024/08/07, 14:01:27.021, 166370836737, vstest.console.dll, CurrentDomainAssemblyResolve: Resolving assembly 'Microsoft.Bcl.AsyncInterfaces'.
TpTrace Verbose: 0 : 3056, 1, 2024/08/07, 14:01:27.021, 166370837079, vstest.console.dll, CurrentDomainAssemblyResolve: Failed to resolve assembly 'Microsoft.Bcl.AsyncInterfaces'.
TpTrace Verbose: 0 : 3056, 1, 2024/08/07, 14:01:27.021, 166370838715, vstest.console.dll, CurrentDomainAssemblyResolve: Failed to resolve assembly 'Microsoft.Bcl.AsyncInterfaces'.
TpTrace Warning: 0 : 3056, 1, 2024/08/07, 14:01:27.021, 166370842831, vstest.console.dll, TestPluginDiscoverer: Failed to get types from assembly 'Microsoft.Diagnostics.NETCore.Client, Version=0.2.10.15101, Culture=neutral, PublicKeyToken=31bf3856ad364e35'. Error: System.Reflection.ReflectionTypeLoadException: Unable to load one or more of the requested types.
Could not load file or assembly 'Microsoft.Bcl.AsyncInterfaces, Version=6.0.0.0, Culture=neutral, PublicKeyToken=cc7b13ffcd2ddd51'. The system cannot find the file specified.
   at System.Reflection.RuntimeModule.GetTypes(RuntimeModule module)
   at System.Reflection.RuntimeModule.GetTypes()
   at Microsoft.VisualStudio.TestPlatform.Common.ExtensionFramework.TestPluginDiscoverer.GetTestExtensionsFromAssembly[TPluginInfo,TExtension](Assembly assembly, Dictionary`2 pluginInfos, String filePath) in /_/src/Microsoft.TestPlatform.Common/ExtensionFramework/TestPluginDiscoverer.cs:line 158
System.IO.FileNotFoundException: Could not load file or assembly 'Microsoft.Bcl.AsyncInterfaces, Version=6.0.0.0, Culture=neutral, PublicKeyToken=cc7b13ffcd2ddd51'. The system cannot find the file specified.
File name: 'Microsoft.Bcl.AsyncInterfaces, Version=6.0.0.0, Culture=neutral, PublicKeyToken=cc7b13ffcd2ddd51'
 ---> System.IO.FileNotFoundException: Could not load file or assembly 'Microsoft.Bcl.AsyncInterfaces, Culture=neutral, PublicKeyToken=null'. The system cannot find the file specified.
File name: 'Microsoft.Bcl.AsyncInterfaces, Culture=neutral, PublicKeyToken=null'
   at System.Reflection.RuntimeAssembly.InternalLoad(AssemblyName assemblyName, StackCrawlMark& stackMark, AssemblyLoadContext assemblyLoadContext, RuntimeAssembly requestingAssembly, Boolean throwOnFileNotFound)
   at System.Reflection.Assembly.Load(AssemblyName assemblyRef)
   at Microsoft.VisualStudio.TestPlatform.Common.ExtensionFramework.TestPluginCache.CurrentDomainAssemblyResolve(Object sender, AssemblyResolveEventArgs args) in /_/src/Microsoft.TestPlatform.Common/ExtensionFramework/TestPluginCache.cs:line 513
   at System.Runtime.Loader.AssemblyLoadContext.GetFirstResolvedAssemblyFromResolvingEvent(AssemblyName assemblyName)
   at System.Runtime.Loader.AssemblyLoadContext.ResolveUsingEvent(AssemblyName assemblyName)
   at System.Runtime.Loader.AssemblyLoadContext.ResolveUsingResolvingEvent(IntPtr gchManagedAssemblyLoadContext, AssemblyName assemblyName)
TpTrace Warning: 0 : 3056, 1, 2024/08/07, 14:01:27.021, 166370844830, vstest.console.dll, LoaderExceptions: System.IO.FileNotFoundException: Could not load file or assembly 'Microsoft.Bcl.AsyncInterfaces, Version=6.0.0.0, Culture=neutral, PublicKeyToken=cc7b13ffcd2ddd51'. The system cannot find the file specified.
File name: 'Microsoft.Bcl.AsyncInterfaces, Version=6.0.0.0, Culture=neutral, PublicKeyToken=cc7b13ffcd2ddd51'
 ---> System.IO.FileNotFoundException: Could not load file or assembly 'Microsoft.Bcl.AsyncInterfaces, Culture=neutral, PublicKeyToken=null'. The system cannot find the file specified.
File name: 'Microsoft.Bcl.AsyncInterfaces, Culture=neutral, PublicKeyToken=null'
   at System.Reflection.RuntimeAssembly.InternalLoad(AssemblyName assemblyName, StackCrawlMark& stackMark, AssemblyLoadContext assemblyLoadContext, RuntimeAssembly requestingAssembly, Boolean throwOnFileNotFound)
   at System.Reflection.Assembly.Load(AssemblyName assemblyRef)
   at Microsoft.VisualStudio.TestPlatform.Common.ExtensionFramework.TestPluginCache.CurrentDomainAssemblyResolve(Object sender, AssemblyResolveEventArgs args) in /_/src/Microsoft.TestPlatform.Common/ExtensionFramework/TestPluginCache.cs:line 513
   at System.Runtime.Loader.AssemblyLoadContext.GetFirstResolvedAssemblyFromResolvingEvent(AssemblyName assemblyName)
   at System.Runtime.Loader.AssemblyLoadContext.ResolveUsingEvent(AssemblyName assemblyName)
   at System.Runtime.Loader.AssemblyLoadContext.ResolveUsingResolvingEvent(IntPtr gchManagedAssemblyLoadContext, AssemblyName assemblyName)
TpTrace Verbose: 0 : 3056, 1, 2024/08/07, 14:01:27.021, 166370845834, vstest.console.dll, MetadataReaderExtensionsHelper: Discovering extensions inside assembly 'Microsoft.TestPlatform.Extensions.BlameDataCollector, Version=15.0.0.0, Culture=neutral, PublicKeyToken=b03f5f7f11d50a3a' file path 'C:\Program Files\dotnet\sdk\8.0.303\Extensions\Microsoft.TestPlatform.Extensions.BlameDataCollector.dll'
TpTrace Information: 0 : 3056, 1, 2024/08/07, 14:01:27.022, 166370851371, vstest.console.dll, GetTestExtensionFromType: Register extension with identifier data 'logger://Microsoft/TestPlatform/Extensions/Blame/v1' and type 'Microsoft.TestPlatform.Extensions.BlameDataCollector.BlameLogger, Microsoft.TestPlatform.Extensions.BlameDataCollector, Version=15.0.0.0, Culture=neutral, PublicKeyToken=b03f5f7f11d50a3a' inside file 'C:\Program Files\dotnet\sdk\8.0.303\Extensions\Microsoft.TestPlatform.Extensions.BlameDataCollector.dll'
TpTrace Verbose: 0 : 3056, 1, 2024/08/07, 14:01:27.022, 166370852201, vstest.console.dll, MetadataReaderExtensionsHelper: Discovering extensions inside assembly 'Microsoft.TestPlatform.Extensions.EventLogCollector, Version=15.0.0.0, Culture=neutral, PublicKeyToken=b03f5f7f11d50a3a' file path 'C:\Program Files\dotnet\sdk\8.0.303\Extensions\Microsoft.TestPlatform.Extensions.EventLogCollector.dll'
TpTrace Verbose: 0 : 3056, 1, 2024/08/07, 14:01:27.022, 166370855408, vstest.console.dll, MetadataReaderExtensionsHelper: Discovering extensions inside assembly 'Microsoft.TestPlatform.TestHostRuntimeProvider, Version=15.0.0.0, Culture=neutral, PublicKeyToken=b03f5f7f11d50a3a' file path 'C:\Program Files\dotnet\sdk\8.0.303\Extensions\Microsoft.TestPlatform.TestHostRuntimeProvider.dll'
TpTrace Verbose: 0 : 3056, 1, 2024/08/07, 14:01:27.023, 166370858967, vstest.console.dll, MetadataReaderExtensionsHelper: Discovering extensions inside assembly 'Microsoft.VisualStudio.TestPlatform.Extensions.Html.TestLogger, Version=15.0.0.0, Culture=neutral, PublicKeyToken=b03f5f7f11d50a3a' file path 'C:\Program Files\dotnet\sdk\8.0.303\Extensions\Microsoft.VisualStudio.TestPlatform.Extensions.Html.TestLogger.dll'
TpTrace Information: 0 : 3056, 1, 2024/08/07, 14:01:27.024, 166370866374, vstest.console.dll, GetTestExtensionFromType: Register extension with identifier data 'logger://Microsoft/TestPlatform/HtmlLogger/v1' and type 'Microsoft.VisualStudio.TestPlatform.Extensions.HtmlLogger.HtmlLogger, Microsoft.VisualStudio.TestPlatform.Extensions.Html.TestLogger, Version=15.0.0.0, Culture=neutral, PublicKeyToken=b03f5f7f11d50a3a' inside file 'C:\Program Files\dotnet\sdk\8.0.303\Extensions\Microsoft.VisualStudio.TestPlatform.Extensions.Html.TestLogger.dll'
TpTrace Verbose: 0 : 3056, 1, 2024/08/07, 14:01:27.024, 166370868309, vstest.console.dll, MetadataReaderExtensionsHelper: Discovering extensions inside assembly 'Microsoft.VisualStudio.TestPlatform.Extensions.Trx.TestLogger, Version=15.0.0.0, Culture=neutral, PublicKeyToken=b03f5f7f11d50a3a' file path 'C:\Program Files\dotnet\sdk\8.0.303\Extensions\Microsoft.VisualStudio.TestPlatform.Extensions.Trx.TestLogger.dll'
TpTrace Information: 0 : 3056, 1, 2024/08/07, 14:01:27.024, 166370873681, vstest.console.dll, GetTestExtensionFromType: Register extension with identifier data 'logger://Microsoft/TestPlatform/TrxLogger/v1' and type 'Microsoft.VisualStudio.TestPlatform.Extensions.TrxLogger.TrxLogger, Microsoft.VisualStudio.TestPlatform.Extensions.Trx.TestLogger, Version=15.0.0.0, Culture=neutral, PublicKeyToken=b03f5f7f11d50a3a' inside file 'C:\Program Files\dotnet\sdk\8.0.303\Extensions\Microsoft.VisualStudio.TestPlatform.Extensions.Trx.TestLogger.dll'
TpTrace Verbose: 0 : 3056, 1, 2024/08/07, 14:01:27.024, 166370874684, vstest.console.dll, TestPluginCache: Discovered the extensions using extension path ''.
TpTrace Verbose: 0 : 3056, 1, 2024/08/07, 14:01:27.024, 166370875184, vstest.console.dll, TestPluginCache: Discoverers are ''.
TpTrace Verbose: 0 : 3056, 1, 2024/08/07, 14:01:27.024, 166370875507, vstest.console.dll, TestPluginCache: Executors are ''.
TpTrace Verbose: 0 : 3056, 1, 2024/08/07, 14:01:27.024, 166370875807, vstest.console.dll, TestPluginCache: Executors2 are ''.
TpTrace Verbose: 0 : 3056, 1, 2024/08/07, 14:01:27.024, 166370876098, vstest.console.dll, TestPluginCache: Setting providers are ''.
TpTrace Verbose: 0 : 3056, 1, 2024/08/07, 14:01:27.025, 166370876926, vstest.console.dll, TestPluginCache: Loggers are 'logger://Microsoft/TestPlatform/Extensions/Blame/v1,logger://Microsoft/TestPlatform/HtmlLogger/v1,logger://Microsoft/TestPlatform/TrxLogger/v1'.
TpTrace Verbose: 0 : 3056, 1, 2024/08/07, 14:01:27.025, 166370877543, vstest.console.dll, TestPluginCache: TestHosts are 'HostProvider://DefaultTestHost,HostProvider://DotnetTestHost'.
TpTrace Verbose: 0 : 3056, 1, 2024/08/07, 14:01:27.025, 166370877998, vstest.console.dll, TestPluginCache: DataCollectors are ''.
TpTrace Information: 0 : 3056, 1, 2024/08/07, 14:01:27.026, 166370889810, vstest.console.dll, TestPluginManager.CreateTestExtension: Attempting to load test extension: Microsoft.TestPlatform.Extensions.BlameDataCollector.BlameLogger
TpTrace Verbose: 0 : 3056, 1, 2024/08/07, 14:01:27.039, 166371019134, vstest.console.dll, TestEngine: Initializing Parallel Execution as MaxCpuCount is set to: 1
TpTrace Information: 0 : 3056, 1, 2024/08/07, 14:01:27.041, 166371043544, vstest.console.dll, TestPluginManager.CreateTestExtension: Attempting to load test extension: Microsoft.VisualStudio.TestPlatform.CrossPlatEngine.Hosting.DefaultTestHostManager
TpTrace Information: 0 : 3056, 1, 2024/08/07, 14:01:27.042, 166371055621, vstest.console.dll, TestPluginManager.CreateTestExtension: Attempting to load test extension: Microsoft.VisualStudio.TestPlatform.CrossPlatEngine.Hosting.DotnetTestHostManager
TpTrace Information: 0 : 3056, 1, 2024/08/07, 14:01:27.043, 166371063006, vstest.console.dll, InferRunSettingsHelper.IsTestSettingsEnabled: Unable to navigate to RunSettings/MSTest. Current node: RunSettings
TpTrace Verbose: 0 : 3056, 1, 2024/08/07, 14:01:27.044, 166371070583, vstest.console.dll, ParallelOperationManager.ClearSlots: Clearing all slots. Slots should accept more work: True
TpTrace Verbose: 0 : 3056, 1, 2024/08/07, 14:01:27.045, 166371078690, vstest.console.dll, ParallelOperationManager.SetOccupiedSlotCount: Setting slot counts AvailableSlotCount = 1, OccupiedSlotCount = 0.
TpTrace Verbose: 0 : 3056, 1, 2024/08/07, 14:01:27.045, 166371082512, vstest.console.dll, Occupied slots:

TpTrace Verbose: 0 : 3056, 1, 2024/08/07, 14:01:27.051, 166371140536, vstest.console.dll, TestEngine.GetExecutionManager: Chosen execution manager 'Microsoft.VisualStudio.TestPlatform.CrossPlatEngine.Client.Parallel.ParallelProxyExecutionManager, Microsoft.TestPlatform.CrossPlatEngine, Version=15.0.0.0, Culture=neutral, PublicKeyToken=b03f5f7f11d50a3a' ParallelLevel '1'.
TpTrace Verbose: 0 : 3056, 1, 2024/08/07, 14:01:27.051, 166371143003, vstest.console.dll, TestRunRequest.ExecuteAsync: Creating test run request.
TpTrace Verbose: 0 : 3056, 1, 2024/08/07, 14:01:27.051, 166371146043, vstest.console.dll, TestRunRequest.ExecuteAsync: Starting.
TpTrace Information: 0 : 3056, 1, 2024/08/07, 14:01:27.053, 166371159942, vstest.console.dll, TestRunRequest.ExecuteAsync: Starting run with settings:TestRunCriteria:
   KeepAlive=False,FrequencyOfRunStatsChangeEvent=10,RunStatsChangeEventTimeout=00:00:01.5000000,TestCaseFilter=,TestExecutorLauncher=
   Settingsxml=<RunSettings>
  <RunConfiguration>
    <ResultsDirectory>C:\Users\gduluta\OneDrive - Centric\Desktop\Steam\Tests\bin\Debug\net8.0\fine-code-coverage\coverage-tool-output</ResultsDirectory>
    <TargetPlatform>X64</TargetPlatform>
    <TargetFrameworkVersion>.NETCoreApp,Version=v8.0</TargetFrameworkVersion>
    <DesignMode>False</DesignMode>
    <CollectSourceInformation>False</CollectSourceInformation>
  </RunConfiguration>
  <LoggerRunSettings>
    <Loggers>
      <Logger friendlyName="blame" enabled="True" />
      <Logger friendlyName="Console" uri="logger://microsoft/TestPlatform/ConsoleLogger/v1" assemblyQualifiedName="Microsoft.VisualStudio.TestPlatform.CommandLine.Internal.ConsoleLogger, vstest.console, Version=15.0.0.0, Culture=neutral, PublicKeyToken=b03f5f7f11d50a3a" codeBase="C:\Program Files\dotnet\sdk\8.0.303\vstest.console.dll" enabled="True" />
    </Loggers>
  </LoggerRunSettings>
  <DataCollectionRunSettings>
    <DataCollectors>
      <DataCollector friendlyName="blame" enabled="True">
        <Configuration>
          <ResultsDirectory>C:\Users\gduluta\OneDrive - Centric\Desktop\Steam\Tests\bin\Debug\net8.0\fine-code-coverage\coverage-tool-output</ResultsDirectory>
        </Configuration>
      </DataCollector>
    </DataCollectors>
  </DataCollectionRunSettings>
</RunSettings>

TpTrace Verbose: 0 : 3056, 1, 2024/08/07, 14:01:27.053, 166371160997, vstest.console.dll, TestRunRequest.ExecuteAsync: Wait for the first run request is over.
TpTrace Verbose: 0 : 3056, 1, 2024/08/07, 14:01:27.053, 166371165208, vstest.console.dll, MulticastDelegateUtilities.SafeInvoke: TestRun.TestRunStart: Invoking callbacks was skipped because there are no subscribers.
TpTrace Verbose: 0 : 3056, 4, 2024/08/07, 14:01:27.054, 166371167851, vstest.console.dll, MulticastDelegateUtilities.SafeInvoke: InternalTestLoggerEvents.SendTestRunStart: Invoking callback 1/1 for Microsoft.VisualStudio.TestPlatform.CommandLine.Internal.ConsoleLogger., took 0 ms.
TpTrace Verbose: 0 : 3056, 1, 2024/08/07, 14:01:27.055, 166371177887, vstest.console.dll, ParallelProxyExecutionManager: Start execution. Total sources: 1
TpTrace Verbose: 0 : 3056, 1, 2024/08/07, 14:01:27.055, 166371182012, vstest.console.dll, ParallelOperationManager.StartWork: Starting adding 1 workloads.
TpTrace Verbose: 0 : 3056, 1, 2024/08/07, 14:01:27.055, 166371182859, vstest.console.dll, ParallelOperationManager.ClearSlots: Clearing all slots. Slots should accept more work: True
TpTrace Verbose: 0 : 3056, 1, 2024/08/07, 14:01:27.055, 166371183710, vstest.console.dll, ParallelOperationManager.SetOccupiedSlotCount: Setting slot counts AvailableSlotCount = 1, OccupiedSlotCount = 0.
TpTrace Verbose: 0 : 3056, 1, 2024/08/07, 14:01:27.055, 166371184201, vstest.console.dll, Occupied slots:

TpTrace Verbose: 0 : 3056, 1, 2024/08/07, 14:01:27.057, 166371201342, vstest.console.dll, TestRequestSender is acting as server.
TpTrace Verbose: 0 : 3056, 1, 2024/08/07, 14:01:27.058, 166371215429, vstest.console.dll, ParallelOperationManager.RunWorkInParallel: Adding 1 workload to slot, remaining workloads 0.
TpTrace Verbose: 0 : 3056, 1, 2024/08/07, 14:01:27.059, 166371216456, vstest.console.dll, ParallelOperationManager.SetOccupiedSlotCount: Setting slot counts AvailableSlotCount = 0, OccupiedSlotCount = 1.
TpTrace Verbose: 0 : 3056, 1, 2024/08/07, 14:01:27.059, 166371218378, vstest.console.dll, Occupied slots:
0: C:\Users\gduluta\OneDrive - Centric\Desktop\Steam\Tests\bin\Debug\net8.0\fine-code-coverage\build-output\Application.Tests.dll
TpTrace Verbose: 0 : 3056, 1, 2024/08/07, 14:01:27.060, 166371231186, vstest.console.dll, ParallelOperationManager.RunWorkInParallel: Started host in slot number 0 for work (source): C:\Users\gduluta\OneDrive - Centric\Desktop\Steam\Tests\bin\Debug\net8.0\fine-code-coverage\build-output\Application.Tests.dll.
TpTrace Verbose: 0 : 3056, 1, 2024/08/07, 14:01:27.061, 166371241552, vstest.console.dll, ParallelOperationManager.RunWorkInParallel: We started 1 work items, which is the max parallel level. Won't start more work.
TpTrace Verbose: 0 : 3056, 1, 2024/08/07, 14:01:27.061, 166371242501, vstest.console.dll, ParallelOperationManager.RunWorkInParallel: We started 1 work items in here, returning True.
TpTrace Information: 0 : 3056, 1, 2024/08/07, 14:01:27.061, 166371243087, vstest.console.dll, TestRunRequest.ExecuteAsync: Started.
TpTrace Verbose: 0 : 3056, 5, 2024/08/07, 14:01:27.061, 166371244675, vstest.console.dll, ParallelProxyExecutionManager.StartTestRunOnConcurrentManager: Initializing uninitialized client. Started clients: 0
TpTrace Verbose: 0 : 3056, 5, 2024/08/07, 14:01:27.062, 166371246432, vstest.console.dll, DataCollectionRequestSender.InitializeCommunication : Initialize communication. 
TpTrace Verbose: 0 : 3056, 1, 2024/08/07, 14:01:27.062, 166371250763, vstest.console.dll, TestRunRequest.WaitForCompletion: Waiting with timeout -1.
TpTrace Information: 0 : 3056, 5, 2024/08/07, 14:01:27.074, 166371370906, vstest.console.dll, Listening on Endpoint : 127.0.0.1:60171
TpTrace Verbose: 0 : 3056, 5, 2024/08/07, 14:01:27.082, 166371450096, vstest.console.dll, DotnetDataCollectionLauncher: Adding  --runtimeconfig "C:\Program Files\dotnet\sdk\8.0.303\datacollector.runtimeconfig.json" in args
TpTrace Verbose: 0 : 3056, 5, 2024/08/07, 14:01:27.082, 166371452162, vstest.console.dll, DotnetDataCollectionLauncher: Adding  --depsfile "C:\Program Files\dotnet\sdk\8.0.303\datacollector.deps.json" in args
TpTrace Verbose: 0 : 3056, 5, 2024/08/07, 14:01:27.082, 166371456146, vstest.console.dll, DotnetDataCollectionLauncher: Full path of dotnet.exe is C:\Program Files\dotnet\dotnet.exe
TpTrace Information: 0 : 3056, 5, 2024/08/07, 14:01:27.093, 166371559158, vstest.console.dll, ProxyDataCollectionManager.Initialize: Launched datacollector processId: 23876 port: 60171
TpTrace Information: 0 : 3056, 5, 2024/08/07, 14:01:27.093, 166371560913, vstest.console.dll, ProxyDataCollectionManager.Initialize: waiting for connection with timeout: 90 seconds
TpTrace Verbose: 0 : 3056, 5, 2024/08/07, 14:01:27.093, 166371561679, vstest.console.dll, DataCollectionRequestSender.WaitForRequestHandlerConnection : Waiting for connection with timeout: 90000
TpTrace Verbose: 0 : 3056, 5, 2024/08/07, 14:01:27.297, 166373600586, vstest.console.dll, SocketCommunicationManager.WaitForClientConnection took: 203 ms, with 90000 ms timeout, and finished with True.
TpTrace Information: 0 : 3056, 7, 2024/08/07, 14:01:27.297, 166373600552, vstest.console.dll, Using the buffer size of 16384 bytes
TpTrace Verbose: 0 : 3056, 5, 2024/08/07, 14:01:27.298, 166373606998, vstest.console.dll, ProxyDataCollectionManager.InvokeDataCollectionServiceAction: Starting.
TpTrace Information: 0 : 3056, 7, 2024/08/07, 14:01:27.298, 166373607494, vstest.console.dll, Accepted Client request and set the flag
TpTrace Information: 0 : 3056, 5, 2024/08/07, 14:01:27.298, 166373609253, vstest.console.dll, ProxyDataCollectionManager.BeforeTestRunStart: Get environment variable and port for datacollector processId: 23876 port: 60171
TpTrace Verbose: 0 : 3056, 5, 2024/08/07, 14:01:27.298, 166373611768, vstest.console.dll, DataCollectionRequestSender.SendBeforeTestRunStartAndGetResult: Send BeforeTestRunStart message with settingsXml <RunSettings><RunConfiguration><ResultsDirectory>C:\Users\gduluta\OneDrive - Centric\Desktop\Steam\Tests\bin\Debug\net8.0\fine-code-coverage\coverage-tool-output</ResultsDirectory><TargetPlatform>X64</TargetPlatform><TargetFrameworkVersion>.NETCoreApp,Version=v8.0</TargetFrameworkVersion><DesignMode>False</DesignMode><CollectSourceInformation>False</CollectSourceInformation><TestAdaptersPaths>C:\Program Files\dotnet\sdk\8.0.303\Extensions</TestAdaptersPaths></RunConfiguration><LoggerRunSettings><Loggers><Logger friendlyName="blame" enabled="True" /><Logger friendlyName="Console" uri="logger://microsoft/TestPlatform/ConsoleLogger/v1" assemblyQualifiedName="Microsoft.VisualStudio.TestPlatform.CommandLine.Internal.ConsoleLogger, vstest.console, Version=15.0.0.0, Culture=neutral, PublicKeyToken=b03f5f7f11d50a3a" codeBase="C:\Program Files\dotnet\sdk\8.0.303\vstest.console.dll" enabled="True" /></Loggers></LoggerRunSettings><DataCollectionRunSettings><DataCollectors><DataCollector friendlyName="blame" enabled="True"><Configuration><ResultsDirectory>C:\Users\gduluta\OneDrive - Centric\Desktop\Steam\Tests\bin\Debug\net8.0\fine-code-coverage\coverage-tool-output</ResultsDirectory></Configuration></DataCollector></DataCollectors></DataCollectionRunSettings></RunSettings> and sources System.Collections.Generic.List`1[System.String]: 
TpTrace Verbose: 0 : 3056, 5, 2024/08/07, 14:01:27.363, 166374265605, vstest.console.dll, DataCollectionRequestSender.SendBeforeTestRunStartAndGetResult: Received message: (DataCollection.SendMessage) -> {"MessageType":"DataCollection.SendMessage","Payload":{"FriendlyName":null,"Uri":null,"TestCaseId":"00000000-0000-0000-0000-000000000000","Message":"Logging DataCollector Diagnostics in file: C:\\Users\\gduluta\\OneDrive - Centric\\Desktop\\Steam\\Tests\\bin\\Debug\\net8.0\\fine-code-coverage\\coverage-tool-output\\diagnostics.datacollector.24-08-07_14-01-27_08195_5.log","Level":0}}
TpTrace Verbose: 0 : 3056, 5, 2024/08/07, 14:01:27.464, 166375275876, vstest.console.dll, DataCollectionRequestSender.SendBeforeTestRunStartAndGetResult: Received message: (DataCollection.BeforeTestRunStartResult) -> {"MessageType":"DataCollection.BeforeTestRunStartResult","Payload":{"EnvironmentVariables":{},"DataCollectionEventsPort":60173}}
TpTrace Information: 0 : 3056, 5, 2024/08/07, 14:01:27.469, 166375325817, vstest.console.dll, ProxyDataCollectionManager.BeforeTestRunStart: SendBeforeTestRunStartAndGetResult successful, env variable from datacollector:   and testhost port: 60173
TpTrace Information: 0 : 3056, 5, 2024/08/07, 14:01:27.470, 166375327124, vstest.console.dll, ProxyDataCollectionManager.InvokeDataCollectionServiceAction: Completed.
TpTrace Verbose: 0 : 3056, 5, 2024/08/07, 14:01:27.470, 166375327672, vstest.console.dll, ParallelProxyExecutionManager.StartTestRunOnConcurrentManager: Initializing test run. Started clients: 0
TpTrace Verbose: 0 : 3056, 5, 2024/08/07, 14:01:27.470, 166375328739, vstest.console.dll, ProxyExecutionManager: Test host is always Lazy initialize.
TpTrace Verbose: 0 : 3056, 5, 2024/08/07, 14:01:27.470, 166375331878, vstest.console.dll, TestRequestSender.InitializeCommunication: initialize communication. 
TpTrace Information: 0 : 3056, 5, 2024/08/07, 14:01:27.471, 166375337181, vstest.console.dll, SocketServer.Start: Listening on endpoint : 127.0.0.1:60174
TpTrace Verbose: 0 : 3056, 5, 2024/08/07, 14:01:27.472, 166375346132, vstest.console.dll, DotnetTestHostmanager.GetTestHostProcessStartInfo: Platform environment 'X64' target architecture 'X64' framework '.NETCoreApp,Version=v8.0' OS 'Windows'
TpTrace Verbose: 0 : 3056, 5, 2024/08/07, 14:01:27.472, 166375348924, vstest.console.dll, DotnetTestHostmanager: Adding  --runtimeconfig "C:\Users\gduluta\OneDrive - Centric\Desktop\Steam\Tests\bin\Debug\net8.0\fine-code-coverage\build-output\Application.Tests.runtimeconfig.json" in args
TpTrace Verbose: 0 : 3056, 5, 2024/08/07, 14:01:27.472, 166375350526, vstest.console.dll, DotnetTestHostmanager: Adding  --depsfile "C:\Users\gduluta\OneDrive - Centric\Desktop\Steam\Tests\bin\Debug\net8.0\fine-code-coverage\build-output\Application.Tests.deps.json" in args
TpTrace Verbose: 0 : 3056, 5, 2024/08/07, 14:01:27.472, 166375352674, vstest.console.dll, DotnetTestHostmanager.IsWinOnArm: Current PROCESSOR_ARCHITECTURE from environment variable 'AMD64'
TpTrace Verbose: 0 : 3056, 5, 2024/08/07, 14:01:27.472, 166375353499, vstest.console.dll, DotnetTestHostmanager.IsWinOnArm: Is Windows on ARM 'False'
TpTrace Verbose: 0 : 3056, 5, 2024/08/07, 14:01:27.472, 166375354778, vstest.console.dll, DotnetTestHostManager: testhost.exe found at path: C:\Users\gduluta\OneDrive - Centric\Desktop\Steam\Tests\bin\Debug\net8.0\fine-code-coverage\build-output\testhost.exe
TpTrace Verbose: 0 : 3056, 5, 2024/08/07, 14:01:27.472, 166375355341, vstest.console.dll, DotnetTestHostmanager: Full path of host exe is C:\Users\gduluta\OneDrive - Centric\Desktop\Steam\Tests\bin\Debug\net8.0\fine-code-coverage\build-output\testhost.exe
TpTrace Verbose: 0 : 3056, 5, 2024/08/07, 14:01:27.473, 166375356847, vstest.console.dll, DotnetTestHostmanager.LaunchTestHostAsync: Found 'VSTEST_WINAPPHOST_DOTNET_ROOT' in env variables, value 'C:\Program Files\dotnet', forwarding to 'DOTNET_ROOT'
TpTrace Verbose: 0 : 3056, 5, 2024/08/07, 14:01:27.473, 166375358643, vstest.console.dll, DotnetTestHostManager: Starting process 'C:\Users\gduluta\OneDrive - Centric\Desktop\Steam\Tests\bin\Debug\net8.0\fine-code-coverage\build-output\testhost.exe' with command line ' --runtimeconfig "C:\Users\gduluta\OneDrive - Centric\Desktop\Steam\Tests\bin\Debug\net8.0\fine-code-coverage\build-output\Application.Tests.runtimeconfig.json" --depsfile "C:\Users\gduluta\OneDrive - Centric\Desktop\Steam\Tests\bin\Debug\net8.0\fine-code-coverage\build-output\Application.Tests.deps.json" --port 60174 --endpoint 127.0.0.1:060174 --role client --parentprocessid 3056 --diag "C:\Users\gduluta\OneDrive - Centric\Desktop\Steam\Tests\bin\Debug\net8.0\fine-code-coverage\coverage-tool-output\diagnostics.host.24-08-07_14-01-27_47155_5.log" --tracelevel 4 --datacollectionport 60173 --telemetryoptedin false'
TpTrace Verbose: 0 : 3056, 5, 2024/08/07, 14:01:27.485, 166375478118, vstest.console.dll, MulticastDelegateUtilities.SafeInvoke: HostProviderEvents.OnHostLaunched: Invoking callback 1/2 for Microsoft.VisualStudio.TestPlatform.CrossPlatEngine.Client.ProxyExecutionManagerWithDataCollection., took 1 ms.
TpTrace Verbose: 0 : 3056, 5, 2024/08/07, 14:01:27.485, 166375483852, vstest.console.dll, Test Runtime launched
TpTrace Verbose: 0 : 3056, 5, 2024/08/07, 14:01:27.485, 166375485292, vstest.console.dll, MulticastDelegateUtilities.SafeInvoke: HostProviderEvents.OnHostLaunched: Invoking callback 2/2 for Microsoft.VisualStudio.TestPlatform.CrossPlatEngine.Client.ProxyOperationManager., took 0 ms.
TpTrace Verbose: 0 : 3056, 5, 2024/08/07, 14:01:27.486, 166375487576, vstest.console.dll, TestRequestSender.WaitForRequestHandlerConnection: waiting for connection with timeout: 90000.
TpTrace Verbose: 0 : 3056, 11, 2024/08/07, 14:01:27.826, 166378889587, vstest.console.dll, MulticastDelegateUtilities.SafeInvoke: SocketServer: ClientConnected: Invoking callback 1/1 for Microsoft.VisualStudio.TestPlatform.CommunicationUtilities.TestRequestSender., took 0 ms.
TpTrace Verbose: 0 : 3056, 5, 2024/08/07, 14:01:27.826, 166378889603, vstest.console.dll, TestRequestSender.WaitForRequestHandlerConnection: waiting took 340 ms, with timeout 90000 ms, and result 0, which is success.
TpTrace Verbose: 0 : 3056, 11, 2024/08/07, 14:01:27.826, 166378891894, vstest.console.dll, SocketServer.OnClientConnected: Client connected for endPoint: 127.0.0.1:60174, starting MessageLoopAsync:
TpTrace Verbose: 0 : 3056, 11, 2024/08/07, 14:01:27.827, 166378903275, vstest.console.dll, TcpClientExtensions.MessageLoopAsync: Polling on remoteEndPoint: 127.0.0.1:60176 localEndPoint: 127.0.0.1:60174 after 0 ms
TpTrace Verbose: 0 : 3056, 5, 2024/08/07, 14:01:27.828, 166378911846, vstest.console.dll, TestRequestSender.CheckVersionWithTestHost: Sending check version message: {"MessageType":"ProtocolVersion","Payload":7}
TpTrace Verbose: 0 : 3056, 11, 2024/08/07, 14:01:28.177, 166382398565, vstest.console.dll, TcpClientExtensions.MessageLoopAsync: NotifyDataAvailable remoteEndPoint: 127.0.0.1:60176 localEndPoint: 127.0.0.1:60174
TpTrace Verbose: 0 : 3056, 11, 2024/08/07, 14:01:28.180, 166382435903, vstest.console.dll, TestRequestSender.CheckVersionWithTestHost: onMessageReceived received message: (ProtocolVersion) -> {"MessageType":"ProtocolVersion","Payload":7}
TpTrace Verbose: 0 : 3056, 11, 2024/08/07, 14:01:28.182, 166382451115, vstest.console.dll, MulticastDelegateUtilities.SafeInvoke: LengthPrefixCommunicationChannel: MessageReceived: Invoking callback 1/1 for Microsoft.VisualStudio.TestPlatform.CommunicationUtilities.TestRequestSender+<>c__DisplayClass29_0., took 2 ms.
TpTrace Verbose: 0 : 3056, 5, 2024/08/07, 14:01:28.182, 166382452877, vstest.console.dll, TestPluginCache.GetExtensionPaths: Filtered extension paths: 
TpTrace Verbose: 0 : 3056, 11, 2024/08/07, 14:01:28.182, 166382453454, vstest.console.dll, TcpClientExtensions.MessageLoopAsync: Polling on remoteEndPoint: 127.0.0.1:60176 localEndPoint: 127.0.0.1:60174 after 354 ms
TpTrace Verbose: 0 : 3056, 5, 2024/08/07, 14:01:28.182, 166382454214, vstest.console.dll, TestPluginCache.GetExtensionPaths: Added default extension paths: C:\Program Files\dotnet\sdk\8.0.303\Extensions\Microsoft.Diagnostics.NETCore.Client.dll
C:\Program Files\dotnet\sdk\8.0.303\Extensions\Microsoft.TestPlatform.Extensions.BlameDataCollector.dll
C:\Program Files\dotnet\sdk\8.0.303\Extensions\Microsoft.TestPlatform.Extensions.EventLogCollector.dll
C:\Program Files\dotnet\sdk\8.0.303\Extensions\Microsoft.TestPlatform.TestHostRuntimeProvider.dll
C:\Program Files\dotnet\sdk\8.0.303\Extensions\Microsoft.VisualStudio.TestPlatform.Extensions.Html.TestLogger.dll
C:\Program Files\dotnet\sdk\8.0.303\Extensions\Microsoft.VisualStudio.TestPlatform.Extensions.Trx.TestLogger.dll
TpTrace Verbose: 0 : 3056, 5, 2024/08/07, 14:01:28.183, 166382456089, vstest.console.dll, TestPluginCache.GetExtensionPaths: Added unfilterableExtensionPaths: 
TpTrace Verbose: 0 : 3056, 5, 2024/08/07, 14:01:28.191, 166382537740, vstest.console.dll, TestRequestSender.InitializeExecution: Sending initialize execution with message: {"Version":7,"MessageType":"TestExecution.Initialize","Payload":["C:\\Users\\gduluta\\OneDrive - Centric\\Desktop\\Steam\\Tests\\bin\\Debug\\net8.0\\fine-code-coverage\\build-output\\xunit.runner.visualstudio.testadapter.dll"]}
TpTrace Verbose: 0 : 3056, 5, 2024/08/07, 14:01:28.191, 166382542168, vstest.console.dll, ParallelProxyExecutionManager.StartTestRunOnConcurrentManager: Execution starting. Started clients: 1
TpTrace Verbose: 0 : 3056, 5, 2024/08/07, 14:01:28.192, 166382548842, vstest.console.dll, TestRunRequest:SendTestRunMessage: Starting.
TpTrace Verbose: 0 : 3056, 5, 2024/08/07, 14:01:28.192, 166382553089, vstest.console.dll, MulticastDelegateUtilities.SafeInvoke: TestRun.LogMessages: Invoking callback 1/1 for Microsoft.VisualStudio.TestPlatform.CommandLine.TestRunResultAggregator., took 0 ms.
TpTrace Information: 0 : 3056, 5, 2024/08/07, 14:01:28.192, 166382554398, vstest.console.dll, TestRunRequest:SendTestRunMessage: Completed.
TpTrace Verbose: 0 : 3056, 4, 2024/08/07, 14:01:28.193, 166382557470, vstest.console.dll, MulticastDelegateUtilities.SafeInvoke: InternalTestLoggerEvents.SendTestRunMessage: Invoking callback 1/1 for Microsoft.VisualStudio.TestPlatform.CommandLine.Internal.ConsoleLogger., took 0 ms.
TpTrace Warning: 0 : 3056, 5, 2024/08/07, 14:01:28.193, 166382562965, vstest.console.dll, InferRunSettingsHelper.MakeRunsettingsCompatible: Removing the following settings: TargetPlatform from RunSettings file. To use those settings please move to latest version of Microsoft.NET.Test.Sdk
TpTrace Verbose: 0 : 3056, 11, 2024/08/07, 14:01:28.212, 166382749371, vstest.console.dll, TcpClientExtensions.MessageLoopAsync: NotifyDataAvailable remoteEndPoint: 127.0.0.1:60176 localEndPoint: 127.0.0.1:60174
TpTrace Verbose: 0 : 3056, 5, 2024/08/07, 14:01:28.213, 166382759153, vstest.console.dll, TestRequestSender.StartTestRun: Sending test run with message: {"Version":7,"MessageType":"TestExecution.StartWithSources","Payload":{"AdapterSourceMap":{"_none_":["C:\\Users\\gduluta\\OneDrive - Centric\\Desktop\\Steam\\Tests\\bin\\Debug\\net8.0\\fine-code-coverage\\build-output\\Application.Tests.dll"]},"RunSettings":"<RunSettings>\r\n  <RunConfiguration>\r\n    <ResultsDirectory>C:\\Users\\gduluta\\OneDrive - Centric\\Desktop\\Steam\\Tests\\bin\\Debug\\net8.0\\fine-code-coverage\\coverage-tool-output</ResultsDirectory>\r\n    <TargetFrameworkVersion>.NETCoreApp,Version=v8.0</TargetFrameworkVersion>\r\n    <DesignMode>False</DesignMode>\r\n    <CollectSourceInformation>False</CollectSourceInformation>\r\n  </RunConfiguration>\r\n  <LoggerRunSettings>\r\n    <Loggers>\r\n      <Logger friendlyName=\"blame\" enabled=\"True\" />\r\n      <Logger friendlyName=\"Console\" uri=\"logger://microsoft/TestPlatform/ConsoleLogger/v1\" assemblyQualifiedName=\"Microsoft.VisualStudio.TestPlatform.CommandLine.Internal.ConsoleLogger, vstest.console, Version=15.0.0.0, Culture=neutral, PublicKeyToken=b03f5f7f11d50a3a\" codeBase=\"C:\\Program Files\\dotnet\\sdk\\8.0.303\\vstest.console.dll\" enabled=\"True\" />\r\n    </Loggers>\r\n  </LoggerRunSettings>\r\n  <DataCollectionRunSettings>\r\n    <DataCollectors>\r\n      <DataCollector friendlyName=\"blame\" enabled=\"True\">\r\n        <Configuration>\r\n          <ResultsDirectory>C:\\Users\\gduluta\\OneDrive - Centric\\Desktop\\Steam\\Tests\\bin\\Debug\\net8.0\\fine-code-coverage\\coverage-tool-output</ResultsDirectory>\r\n        </Configuration>\r\n      </DataCollector>\r\n    </DataCollectors>\r\n  </DataCollectionRunSettings>\r\n</RunSettings>","TestExecutionContext":{"FrequencyOfRunStatsChangeEvent":10,"RunStatsChangeEventTimeout":"00:00:01.5000000","InIsolation":false,"KeepAlive":false,"AreTestCaseLevelEventsRequired":false,"IsDebug":false,"TestCaseFilter":null,"FilterOptions":null},"Package":null}}
TpTrace Verbose: 0 : 3056, 11, 2024/08/07, 14:01:28.213, 166382760422, vstest.console.dll, TestRequestSender.OnExecutionMessageReceived: Received message: {"Version":7,"MessageType":"TestSession.Message","Payload":{"MessageLevel":0,"Message":"Logging TestHost Diagnostics in file: C:\\Users\\gduluta\\OneDrive - Centric\\Desktop\\Steam\\Tests\\bin\\Debug\\net8.0\\fine-code-coverage\\coverage-tool-output\\diagnostics.host.24-08-07_14-01-27_47155_5.log"}}
TpTrace Verbose: 0 : 3056, 5, 2024/08/07, 14:01:28.213, 166382763123, vstest.console.dll, ParallelProxyExecutionManager.StartTestRunOnConcurrentManager: Execution started. Started clients: 1
TpTrace Verbose: 0 : 3056, 11, 2024/08/07, 14:01:28.227, 166382902773, vstest.console.dll, TestRunRequest:SendTestRunMessage: Starting.
TpTrace Verbose: 0 : 3056, 11, 2024/08/07, 14:01:28.228, 166382908569, vstest.console.dll, MulticastDelegateUtilities.SafeInvoke: TestRun.LogMessages: Invoking callback 1/1 for Microsoft.VisualStudio.TestPlatform.CommandLine.TestRunResultAggregator., took 0 ms.
TpTrace Verbose: 0 : 3056, 4, 2024/08/07, 14:01:28.228, 166382908571, vstest.console.dll, MulticastDelegateUtilities.SafeInvoke: InternalTestLoggerEvents.SendTestRunMessage: Invoking callback 1/1 for Microsoft.VisualStudio.TestPlatform.CommandLine.Internal.ConsoleLogger., took 0 ms.
TpTrace Information: 0 : 3056, 11, 2024/08/07, 14:01:28.228, 166382910138, vstest.console.dll, TestRunRequest:SendTestRunMessage: Completed.
TpTrace Verbose: 0 : 3056, 11, 2024/08/07, 14:01:28.228, 166382913465, vstest.console.dll, MulticastDelegateUtilities.SafeInvoke: LengthPrefixCommunicationChannel: MessageReceived: Invoking callback 1/1 for Microsoft.VisualStudio.TestPlatform.CommunicationUtilities.TestRequestSender+<>c__DisplayClass34_0., took 15 ms.
TpTrace Verbose: 0 : 3056, 11, 2024/08/07, 14:01:28.228, 166382914731, vstest.console.dll, TcpClientExtensions.MessageLoopAsync: Polling on remoteEndPoint: 127.0.0.1:60176 localEndPoint: 127.0.0.1:60174 after 45 ms
TpTrace Verbose: 0 : 3056, 11, 2024/08/07, 14:01:28.811, 166388744890, vstest.console.dll, TcpClientExtensions.MessageLoopAsync: NotifyDataAvailable remoteEndPoint: 127.0.0.1:60176 localEndPoint: 127.0.0.1:60174
TpTrace Verbose: 0 : 3056, 11, 2024/08/07, 14:01:28.812, 166388747984, vstest.console.dll, TestRequestSender.OnExecutionMessageReceived: Received message: {"Version":7,"MessageType":"TestSession.Message","Payload":{"MessageLevel":0,"Message":"[xUnit.net 00:00:00.01] xUnit.net VSTest Adapter v2.8.2+699d445a1a (64-bit .NET 8.0.7)"}}
TpTrace Verbose: 0 : 3056, 11, 2024/08/07, 14:01:28.812, 166388752414, vstest.console.dll, TestRunRequest:SendTestRunMessage: Starting.
TpTrace Verbose: 0 : 3056, 11, 2024/08/07, 14:01:28.812, 166388755559, vstest.console.dll, MulticastDelegateUtilities.SafeInvoke: TestRun.LogMessages: Invoking callback 1/1 for Microsoft.VisualStudio.TestPlatform.CommandLine.TestRunResultAggregator., took 0 ms.
TpTrace Information: 0 : 3056, 11, 2024/08/07, 14:01:28.813, 166388756531, vstest.console.dll, TestRunRequest:SendTestRunMessage: Completed.
TpTrace Verbose: 0 : 3056, 4, 2024/08/07, 14:01:28.813, 166388756642, vstest.console.dll, MulticastDelegateUtilities.SafeInvoke: InternalTestLoggerEvents.SendTestRunMessage: Invoking callback 1/1 for Microsoft.VisualStudio.TestPlatform.CommandLine.Internal.ConsoleLogger., took 0 ms.
TpTrace Verbose: 0 : 3056, 11, 2024/08/07, 14:01:28.813, 166388757515, vstest.console.dll, MulticastDelegateUtilities.SafeInvoke: LengthPrefixCommunicationChannel: MessageReceived: Invoking callback 1/1 for Microsoft.VisualStudio.TestPlatform.CommunicationUtilities.TestRequestSender+<>c__DisplayClass34_0., took 0 ms.
TpTrace Verbose: 0 : 3056, 11, 2024/08/07, 14:01:28.814, 166388766416, vstest.console.dll, TcpClientExtensions.MessageLoopAsync: Polling on remoteEndPoint: 127.0.0.1:60176 localEndPoint: 127.0.0.1:60174 after 584 ms
TpTrace Verbose: 0 : 3056, 11, 2024/08/07, 14:01:29.680, 166397428940, vstest.console.dll, TcpClientExtensions.MessageLoopAsync: NotifyDataAvailable remoteEndPoint: 127.0.0.1:60176 localEndPoint: 127.0.0.1:60174
TpTrace Verbose: 0 : 3056, 11, 2024/08/07, 14:01:29.680, 166397432346, vstest.console.dll, TestRequestSender.OnExecutionMessageReceived: Received message: {"Version":7,"MessageType":"TestSession.Message","Payload":{"MessageLevel":0,"Message":"[xUnit.net 00:00:00.89]   Discovering: Application.Tests"}}
TpTrace Verbose: 0 : 3056, 11, 2024/08/07, 14:01:29.681, 166397439569, vstest.console.dll, TestRunRequest:SendTestRunMessage: Starting.
TpTrace Verbose: 0 : 3056, 11, 2024/08/07, 14:01:29.681, 166397442217, vstest.console.dll, MulticastDelegateUtilities.SafeInvoke: TestRun.LogMessages: Invoking callback 1/1 for Microsoft.VisualStudio.TestPlatform.CommandLine.TestRunResultAggregator., took 0 ms.
TpTrace Verbose: 0 : 3056, 4, 2024/08/07, 14:01:29.681, 166397442612, vstest.console.dll, MulticastDelegateUtilities.SafeInvoke: InternalTestLoggerEvents.SendTestRunMessage: Invoking callback 1/1 for Microsoft.VisualStudio.TestPlatform.CommandLine.Internal.ConsoleLogger., took 0 ms.
TpTrace Information: 0 : 3056, 11, 2024/08/07, 14:01:29.681, 166397443187, vstest.console.dll, TestRunRequest:SendTestRunMessage: Completed.
TpTrace Verbose: 0 : 3056, 11, 2024/08/07, 14:01:29.681, 166397445411, vstest.console.dll, MulticastDelegateUtilities.SafeInvoke: LengthPrefixCommunicationChannel: MessageReceived: Invoking callback 1/1 for Microsoft.VisualStudio.TestPlatform.CommunicationUtilities.TestRequestSender+<>c__DisplayClass34_0., took 1 ms.
TpTrace Verbose: 0 : 3056, 11, 2024/08/07, 14:01:29.682, 166397446380, vstest.console.dll, TcpClientExtensions.MessageLoopAsync: Polling on remoteEndPoint: 127.0.0.1:60176 localEndPoint: 127.0.0.1:60174 after 866 ms
TpTrace Verbose: 0 : 3056, 11, 2024/08/07, 14:01:29.763, 166398262646, vstest.console.dll, TcpClientExtensions.MessageLoopAsync: NotifyDataAvailable remoteEndPoint: 127.0.0.1:60176 localEndPoint: 127.0.0.1:60174
TpTrace Verbose: 0 : 3056, 11, 2024/08/07, 14:01:29.763, 166398265604, vstest.console.dll, TestRequestSender.OnExecutionMessageReceived: Received message: {"Version":7,"MessageType":"TestSession.Message","Payload":{"MessageLevel":0,"Message":"[xUnit.net 00:00:00.97]   Discovered:  Application.Tests"}}
TpTrace Verbose: 0 : 3056, 11, 2024/08/07, 14:01:29.764, 166398268375, vstest.console.dll, TestRunRequest:SendTestRunMessage: Starting.
TpTrace Verbose: 0 : 3056, 11, 2024/08/07, 14:01:29.764, 166398269874, vstest.console.dll, MulticastDelegateUtilities.SafeInvoke: TestRun.LogMessages: Invoking callback 1/1 for Microsoft.VisualStudio.TestPlatform.CommandLine.TestRunResultAggregator., took 0 ms.
TpTrace Information: 0 : 3056, 11, 2024/08/07, 14:01:29.764, 166398270712, vstest.console.dll, TestRunRequest:SendTestRunMessage: Completed.
TpTrace Verbose: 0 : 3056, 11, 2024/08/07, 14:01:29.764, 166398271398, vstest.console.dll, MulticastDelegateUtilities.SafeInvoke: LengthPrefixCommunicationChannel: MessageReceived: Invoking callback 1/1 for Microsoft.VisualStudio.TestPlatform.CommunicationUtilities.TestRequestSender+<>c__DisplayClass34_0., took 0 ms.
TpTrace Verbose: 0 : 3056, 11, 2024/08/07, 14:01:29.764, 166398272129, vstest.console.dll, TcpClientExtensions.MessageLoopAsync: Polling on remoteEndPoint: 127.0.0.1:60176 localEndPoint: 127.0.0.1:60174 after 82 ms
TpTrace Verbose: 0 : 3056, 4, 2024/08/07, 14:01:29.764, 166398272724, vstest.console.dll, MulticastDelegateUtilities.SafeInvoke: InternalTestLoggerEvents.SendTestRunMessage: Invoking callback 1/1 for Microsoft.VisualStudio.TestPlatform.CommandLine.Internal.ConsoleLogger., took 0 ms.
TpTrace Verbose: 0 : 3056, 11, 2024/08/07, 14:01:29.771, 166398339195, vstest.console.dll, TcpClientExtensions.MessageLoopAsync: NotifyDataAvailable remoteEndPoint: 127.0.0.1:60176 localEndPoint: 127.0.0.1:60174
TpTrace Verbose: 0 : 3056, 11, 2024/08/07, 14:01:29.771, 166398342623, vstest.console.dll, TestRequestSender.OnExecutionMessageReceived: Received message: {"Version":7,"MessageType":"TestSession.Message","Payload":{"MessageLevel":0,"Message":"[xUnit.net 00:00:00.98]   Starting:    Application.Tests"}}
TpTrace Verbose: 0 : 3056, 11, 2024/08/07, 14:01:29.771, 166398345009, vstest.console.dll, TestRunRequest:SendTestRunMessage: Starting.
TpTrace Verbose: 0 : 3056, 11, 2024/08/07, 14:01:29.772, 166398346408, vstest.console.dll, MulticastDelegateUtilities.SafeInvoke: TestRun.LogMessages: Invoking callback 1/1 for Microsoft.VisualStudio.TestPlatform.CommandLine.TestRunResultAggregator., took 0 ms.
TpTrace Verbose: 0 : 3056, 4, 2024/08/07, 14:01:29.772, 166398346733, vstest.console.dll, MulticastDelegateUtilities.SafeInvoke: InternalTestLoggerEvents.SendTestRunMessage: Invoking callback 1/1 for Microsoft.VisualStudio.TestPlatform.CommandLine.Internal.ConsoleLogger., took 0 ms.
TpTrace Information: 0 : 3056, 11, 2024/08/07, 14:01:29.772, 166398348288, vstest.console.dll, TestRunRequest:SendTestRunMessage: Completed.
TpTrace Verbose: 0 : 3056, 11, 2024/08/07, 14:01:29.772, 166398349227, vstest.console.dll, MulticastDelegateUtilities.SafeInvoke: LengthPrefixCommunicationChannel: MessageReceived: Invoking callback 1/1 for Microsoft.VisualStudio.TestPlatform.CommunicationUtilities.TestRequestSender+<>c__DisplayClass34_0., took 0 ms.
TpTrace Verbose: 0 : 3056, 11, 2024/08/07, 14:01:29.772, 166398350416, vstest.console.dll, TcpClientExtensions.MessageLoopAsync: Polling on remoteEndPoint: 127.0.0.1:60176 localEndPoint: 127.0.0.1:60174 after 7 ms
TpTrace Verbose: 0 : 3056, 11, 2024/08/07, 14:01:30.252, 166403150585, vstest.console.dll, TcpClientExtensions.MessageLoopAsync: NotifyDataAvailable remoteEndPoint: 127.0.0.1:60176 localEndPoint: 127.0.0.1:60174
TpTrace Verbose: 0 : 3056, 11, 2024/08/07, 14:01:30.252, 166403154535, vstest.console.dll, TestRequestSender.OnExecutionMessageReceived: Received message: {"Version":7,"MessageType":"TestExecution.StatsChange","Payload":{"NewTestResults":[],"TestRunStatistics":{"ExecutedTests":0,"Stats":{}},"ActiveTests":[{"Id":"cbb58046-bc07-21eb-5212-74dcaddbb53d","FullyQualifiedName":"Application.Tests.Handlers.CreateDeveloperCommandHandlerTests.Handle_ShouldReturnCreateDeveloperCommandResponseWithSuccessEqualTrue_WhenAllConditionsAreMet","DisplayName":"Application.Tests.Handlers.CreateDeveloperCommandHandlerTests.Handle_ShouldReturnCreateDeveloperCommandResponseWithSuccessEqualTrue_WhenAllConditionsAreMet","ExecutorUri":"executor://xunit/VsTestRunner2/netcoreapp","Source":"C:\\Users\\gduluta\\OneDrive - Centric\\Desktop\\Steam\\Tests\\bin\\Debug\\net8.0\\fine-code-coverage\\build-output\\Application.Tests.dll","CodeFilePath":null,"LineNumber":0,"Properties":[]},{"Id":"1edabfaf-2f09-2571-117e-192716245ad6","FullyQualifiedName":"Application.Tests.Handlers.CreateReviewCommandHandlerTests.Handle_ShouldReturnCreateReviewCommandResponseWithSuccessEqualFalse_WhenGameIsNotFound","DisplayName":"Application.Tests.Handlers.CreateReviewCommandHandlerTests.Handle_ShouldReturnCreateReviewCommandResponseWithSuccessEqualFalse_WhenGameIsNotFound","ExecutorUri":"executor://xunit/VsTestRunner2/netcoreapp","Source":"C:\\Users\\gduluta\\OneDrive - Centric\\Desktop\\Steam\\Tests\\bin\\Debug\\net8.0\\fine-code-coverage\\build-output\\Application.Tests.dll","CodeFilePath":null,"LineNumber":0,"Properties":[]},{"Id":"6d3938f2-5b61-ed73-c57a-307940ef22b3","FullyQualifiedName":"Application.Tests.Handlers.CreateGameCommandHandlerTests.Handle_ShouldReturnCreateGameCommandResponseWithSuccessEqualFalse_WhenAddingDeveloperFails","DisplayName":"Application.Tests.Handlers.CreateGameCommandHandlerTests.Handle_ShouldReturnCreateGameCommandResponseWithSuccessEqualFalse_WhenAddingDeveloperFails","ExecutorUri":"executor://xunit/VsTestRunner2/netcoreapp","Source":"C:\\Users\\gduluta\\OneDrive - Centric\\Desktop\\Steam\\Tests\\bin\\Debug\\net8.0\\fine-code-coverage\\build-output\\Application.Tests.dll","CodeFilePath":null,"LineNumber":0,"Properties":[]}]}}
TpTrace Verbose: 0 : 3056, 11, 2024/08/07, 14:01:30.302, 166403648684, vstest.console.dll, TestRunRequest:SendTestRunStatsChange: Starting.
TpTrace Verbose: 0 : 3056, 11, 2024/08/07, 14:01:30.302, 166403652124, vstest.console.dll, InProgress is Application.Tests.Handlers.CreateDeveloperCommandHandlerTests.Handle_ShouldReturnCreateDeveloperCommandResponseWithSuccessEqualTrue_WhenAllConditionsAreMet
TpTrace Verbose: 0 : 3056, 11, 2024/08/07, 14:01:30.302, 166403653784, vstest.console.dll, InProgress is Application.Tests.Handlers.CreateReviewCommandHandlerTests.Handle_ShouldReturnCreateReviewCommandResponseWithSuccessEqualFalse_WhenGameIsNotFound
TpTrace Verbose: 0 : 3056, 11, 2024/08/07, 14:01:30.302, 166403654760, vstest.console.dll, InProgress is Application.Tests.Handlers.CreateGameCommandHandlerTests.Handle_ShouldReturnCreateGameCommandResponseWithSuccessEqualFalse_WhenAddingDeveloperFails
TpTrace Verbose: 0 : 3056, 11, 2024/08/07, 14:01:30.303, 166403657630, vstest.console.dll, MulticastDelegateUtilities.SafeInvoke: TestRun.RunStatsChanged: Invoking callbacks was skipped because there are no subscribers.
TpTrace Information: 0 : 3056, 11, 2024/08/07, 14:01:30.303, 166403662249, vstest.console.dll, TestRunRequest:SendTestRunStatsChange: Completed.
TpTrace Verbose: 0 : 3056, 11, 2024/08/07, 14:01:30.303, 166403663604, vstest.console.dll, MulticastDelegateUtilities.SafeInvoke: LengthPrefixCommunicationChannel: MessageReceived: Invoking callback 1/1 for Microsoft.VisualStudio.TestPlatform.CommunicationUtilities.TestRequestSender+<>c__DisplayClass34_0., took 50 ms.
TpTrace Verbose: 0 : 3056, 11, 2024/08/07, 14:01:30.303, 166403664431, vstest.console.dll, TcpClientExtensions.MessageLoopAsync: Polling on remoteEndPoint: 127.0.0.1:60176 localEndPoint: 127.0.0.1:60174 after 531 ms
TpTrace Verbose: 0 : 3056, 11, 2024/08/07, 14:01:30.491, 166405545327, vstest.console.dll, TcpClientExtensions.MessageLoopAsync: NotifyDataAvailable remoteEndPoint: 127.0.0.1:60176 localEndPoint: 127.0.0.1:60174
TpTrace Verbose: 0 : 3056, 11, 2024/08/07, 14:01:30.493, 166405558451, vstest.console.dll, TestRequestSender.OnExecutionMessageReceived: Received message: {"Version":7,"MessageType":"TestExecution.StatsChange","Payload":{"NewTestResults":[{"TestCase":{"Id":"6d3938f2-5b61-ed73-c57a-307940ef22b3","FullyQualifiedName":"Application.Tests.Handlers.CreateGameCommandHandlerTests.Handle_ShouldReturnCreateGameCommandResponseWithSuccessEqualFalse_WhenAddingDeveloperFails","DisplayName":"Application.Tests.Handlers.CreateGameCommandHandlerTests.Handle_ShouldReturnCreateGameCommandResponseWithSuccessEqualFalse_WhenAddingDeveloperFails","ExecutorUri":"executor://xunit/VsTestRunner2/netcoreapp","Source":"C:\\Users\\gduluta\\OneDrive - Centric\\Desktop\\Steam\\Tests\\bin\\Debug\\net8.0\\fine-code-coverage\\build-output\\Application.Tests.dll","CodeFilePath":null,"LineNumber":0,"Properties":[]},"Attachments":[],"Outcome":1,"ErrorMessage":null,"ErrorStackTrace":null,"DisplayName":"Application.Tests.Handlers.CreateGameCommandHandlerTests.Handle_ShouldReturnCreateGameCommandResponseWithSuccessEqualFalse_WhenAddingDeveloperFails","Messages":[],"ComputerName":"NBKR004119","Duration":"00:00:00.4730536","StartTime":"2024-08-07T11:01:30.3493315+00:00","EndTime":"2024-08-07T11:01:30.3493768+00:00","Properties":[]},{"TestCase":{"Id":"cbb58046-bc07-21eb-5212-74dcaddbb53d","FullyQualifiedName":"Application.Tests.Handlers.CreateDeveloperCommandHandlerTests.Handle_ShouldReturnCreateDeveloperCommandResponseWithSuccessEqualTrue_WhenAllConditionsAreMet","DisplayName":"Application.Tests.Handlers.CreateDeveloperCommandHandlerTests.Handle_ShouldReturnCreateDeveloperCommandResponseWithSuccessEqualTrue_WhenAllConditionsAreMet","ExecutorUri":"executor://xunit/VsTestRunner2/netcoreapp","Source":"C:\\Users\\gduluta\\OneDrive - Centric\\Desktop\\Steam\\Tests\\bin\\Debug\\net8.0\\fine-code-coverage\\build-output\\Application.Tests.dll","CodeFilePath":null,"LineNumber":0,"Properties":[]},"Attachments":[],"Outcome":1,"ErrorMessage":null,"ErrorStackTrace":null,"DisplayName":"Application.Tests.Handlers.CreateDeveloperCommandHandlerTests.Handle_ShouldReturnCreateDeveloperCommandResponseWithSuccessEqualTrue_WhenAllConditionsAreMet","Messages":[],"ComputerName":"NBKR004119","Duration":"00:00:00.4660598","StartTime":"2024-08-07T11:01:30.3928937+00:00","EndTime":"2024-08-07T11:01:30.3928938+00:00","Properties":[]},{"TestCase":{"Id":"1edabfaf-2f09-2571-117e-192716245ad6","FullyQualifiedName":"Application.Tests.Handlers.CreateReviewCommandHandlerTests.Handle_ShouldReturnCreateReviewCommandResponseWithSuccessEqualFalse_WhenGameIsNotFound","DisplayName":"Application.Tests.Handlers.CreateReviewCommandHandlerTests.Handle_ShouldReturnCreateReviewCommandResponseWithSuccessEqualFalse_WhenGameIsNotFound","ExecutorUri":"executor://xunit/VsTestRunner2/netcoreapp","Source":"C:\\Users\\gduluta\\OneDrive - Centric\\Desktop\\Steam\\Tests\\bin\\Debug\\net8.0\\fine-code-coverage\\build-output\\Application.Tests.dll","CodeFilePath":null,"LineNumber":0,"Properties":[]},"Attachments":[],"Outcome":1,"ErrorMessage":null,"ErrorStackTrace":null,"DisplayName":"Application.Tests.Handlers.CreateReviewCommandHandlerTests.Handle_ShouldReturnCreateReviewCommandResponseWithSuccessEqualFalse_WhenGameIsNotFound","Messages":[],"ComputerName":"NBKR004119","Duration":"00:00:00.4798334","StartTime":"2024-08-07T11:01:30.4081496+00:00","EndTime":"2024-08-07T11:01:30.4081499+00:00","Properties":[]},{"TestCase":{"Id":"9ddbbc05-8564-f19c-5c99-1b533ecfbbbb","FullyQualifiedName":"Application.Tests.Handlers.CreateDeveloperCommandHandlerTests.Handle_ShouldReturnCreateDeveloperCommandResponseWithSuccessEqualFalse_WhenAddingDeveloperFails","DisplayName":"Application.Tests.Handlers.CreateDeveloperCommandHandlerTests.Handle_ShouldReturnCreateDeveloperCommandResponseWithSuccessEqualFalse_WhenAddingDeveloperFails","ExecutorUri":"executor://xunit/VsTestRunner2/netcoreapp","Source":"C:\\Users\\gduluta\\OneDrive - Centric\\Desktop\\Steam\\Tests\\bin\\Debug\\net8.0\\fine-code-coverage\\build-output\\Application.Tests.dll","CodeFilePath":null,"LineNumber":0,"Properties":[]},"Attachments":[],"Outcome":1,"ErrorMessage":null,"ErrorStackTrace":null,"DisplayName":"Application.Tests.Handlers.CreateDeveloperCommandHandlerTests.Handle_ShouldReturnCreateDeveloperCommandResponseWithSuccessEqualFalse_WhenAddingDeveloperFails","Messages":[],"ComputerName":"NBKR004119","Duration":"00:00:00.0024614","StartTime":"2024-08-07T11:01:30.4189377+00:00","EndTime":"2024-08-07T11:01:30.4189384+00:00","Properties":[]},{"TestCase":{"Id":"29384111-7cb4-262c-5b36-4666a3ebd5f0","FullyQualifiedName":"Application.Tests.Handlers.CreateGameCommandHandlerTests.Handle_ShouldReturnCreateGameCommandResponseWithSuccessEqualTrue_WhenAllConditionsAreMet","DisplayName":"Application.Tests.Handlers.CreateGameCommandHandlerTests.Handle_ShouldReturnCreateGameCommandResponseWithSuccessEqualTrue_WhenAllConditionsAreMet","ExecutorUri":"executor://xunit/VsTestRunner2/netcoreapp","Source":"C:\\Users\\gduluta\\OneDrive - Centric\\Desktop\\Steam\\Tests\\bin\\Debug\\net8.0\\fine-code-coverage\\build-output\\Application.Tests.dll","CodeFilePath":null,"LineNumber":0,"Properties":[]},"Attachments":[],"Outcome":1,"ErrorMessage":null,"ErrorStackTrace":null,"DisplayName":"Application.Tests.Handlers.CreateGameCommandHandlerTests.Handle_ShouldReturnCreateGameCommandResponseWithSuccessEqualTrue_WhenAllConditionsAreMet","Messages":[],"ComputerName":"NBKR004119","Duration":"00:00:00.0025665","StartTime":"2024-08-07T11:01:30.4229466+00:00","EndTime":"2024-08-07T11:01:30.4229468+00:00","Properties":[]},{"TestCase":{"Id":"400b3212-c003-7a4d-cd2c-7a14740efd05","FullyQualifiedName":"Application.Tests.Handlers.CreateGameCommandHandlerTests.Handle_ShouldReturnCreateGameCommandResponseWithSuccessEqualFalse_WhenDeveloperNotFound","DisplayName":"Application.Tests.Handlers.CreateGameCommandHandlerTests.Handle_ShouldReturnCreateGameCommandResponseWithSuccessEqualFalse_WhenDeveloperNotFound","ExecutorUri":"executor://xunit/VsTestRunner2/netcoreapp","Source":"C:\\Users\\gduluta\\OneDrive - Centric\\Desktop\\Steam\\Tests\\bin\\Debug\\net8.0\\fine-code-coverage\\build-output\\Application.Tests.dll","CodeFilePath":null,"LineNumber":0,"Properties":[]},"Attachments":[],"Outcome":1,"ErrorMessage":null,"ErrorStackTrace":null,"DisplayName":"Application.Tests.Handlers.CreateGameCommandHandlerTests.Handle_ShouldReturnCreateGameCommandResponseWithSuccessEqualFalse_WhenDeveloperNotFound","Messages":[],"ComputerName":"NBKR004119","Duration":"00:00:00.0013789","StartTime":"2024-08-07T11:01:30.4298135+00:00","EndTime":"2024-08-07T11:01:30.4298139+00:00","Properties":[]},{"TestCase":{"Id":"3dd6f513-557f-4bb6-84f2-ec2bbe5c2655","FullyQualifiedName":"Application.Tests.Handlers.CreateReviewCommandHandlerTests.Handle_ShouldReturnCreateReviewCommandResponseWithSuccessEqualFalse_WhenReviewAddingFailed","DisplayName":"Application.Tests.Handlers.CreateReviewCommandHandlerTests.Handle_ShouldReturnCreateReviewCommandResponseWithSuccessEqualFalse_WhenReviewAddingFailed","ExecutorUri":"executor://xunit/VsTestRunner2/netcoreapp","Source":"C:\\Users\\gduluta\\OneDrive - Centric\\Desktop\\Steam\\Tests\\bin\\Debug\\net8.0\\fine-code-coverage\\build-output\\Application.Tests.dll","CodeFilePath":null,"LineNumber":0,"Properties":[]},"Attachments":[],"Outcome":1,"ErrorMessage":null,"ErrorStackTrace":null,"DisplayName":"Application.Tests.Handlers.CreateReviewCommandHandlerTests.Handle_ShouldReturnCreateReviewCommandResponseWithSuccessEqualFalse_WhenReviewAddingFailed","Messages":[],"ComputerName":"NBKR004119","Duration":"00:00:00.0070024","StartTime":"2024-08-07T11:01:30.4372187+00:00","EndTime":"2024-08-07T11:01:30.437219+00:00","Properties":[]},{"TestCase":{"Id":"e45fe12a-45d9-c960-842e-e0a2857447e6","FullyQualifiedName":"Application.Tests.Handlers.CreateReviewCommandHandlerTests.Handle_ShouldReturnCreateReviewCommandResponseWithSuccessEqualFalse_WhenUserIsNotFound","DisplayName":"Application.Tests.Handlers.CreateReviewCommandHandlerTests.Handle_ShouldReturnCreateReviewCommandResponseWithSuccessEqualFalse_WhenUserIsNotFound","ExecutorUri":"executor://xunit/VsTestRunner2/netcoreapp","Source":"C:\\Users\\gduluta\\OneDrive - Centric\\Desktop\\Steam\\Tests\\bin\\Debug\\net8.0\\fine-code-coverage\\build-output\\Application.Tests.dll","CodeFilePath":null,"LineNumber":0,"Properties":[]},"Attachments":[],"Outcome":1,"ErrorMessage":null,"ErrorStackTrace":null,"DisplayName":"Application.Tests.Handlers.CreateReviewCommandHandlerTests.Handle_ShouldReturnCreateReviewCommandResponseWithSuccessEqualFalse_WhenUserIsNotFound","Messages":[],"ComputerName":"NBKR004119","Duration":"00:00:00.0016329","StartTime":"2024-08-07T11:01:30.4458039+00:00","EndTime":"2024-08-07T11:01:30.4458044+00:00","Properties":[]},{"TestCase":{"Id":"4af10905-7ecb-70b4-daa1-3fd741cf1061","FullyQualifiedName":"Application.Tests.Handlers.CreateReviewCommandHandlerTests.Handle_ShouldReturnCreateReviewCommandResponseWithSuccessEqualTrue_WhenAllConditionsAreMet","DisplayName":"Application.Tests.Handlers.CreateReviewCommandHandlerTests.Handle_ShouldReturnCreateReviewCommandResponseWithSuccessEqualTrue_WhenAllConditionsAreMet","ExecutorUri":"executor://xunit/VsTestRunner2/netcoreapp","Source":"C:\\Users\\gduluta\\OneDrive - Centric\\Desktop\\Steam\\Tests\\bin\\Debug\\net8.0\\fine-code-coverage\\build-output\\Application.Tests.dll","CodeFilePath":null,"LineNumber":0,"Properties":[]},"Attachments":[],"Outcome":1,"ErrorMessage":null,"ErrorStackTrace":null,"DisplayName":"Application.Tests.Handlers.CreateReviewCommandHandlerTests.Handle_ShouldReturnCreateReviewCommandResponseWithSuccessEqualTrue_WhenAllConditionsAreMet","Messages":[],"ComputerName":"NBKR004119","Duration":"00:00:00.0030621","StartTime":"2024-08-07T11:01:30.4547873+00:00","EndTime":"2024-08-07T11:01:30.4547876+00:00","Properties":[]}],"TestRunStatistics":{"ExecutedTests":9,"Stats":{"Passed":9}},"ActiveTests":[{"Id":"3ce4012c-b9e2-2cde-b300-3d58c2c622dd","FullyQualifiedName":"Application.Tests.Handlers.CreateReviewCommandHandlerTests.Handle_ShouldReturnCreateReviewCommandResponseWithSuccessEqualFalse_WhenReviewIsFound","DisplayName":"Application.Tests.Handlers.CreateReviewCommandHandlerTests.Handle_ShouldReturnCreateReviewCommandResponseWithSuccessEqualFalse_WhenReviewIsFound","ExecutorUri":"executor://xunit/VsTestRunner2/netcoreapp","Source":"C:\\Users\\gduluta\\OneDrive - Centric\\Desktop\\Steam\\Tests\\bin\\Debug\\net8.0\\fine-code-coverage\\build-output\\Application.Tests.dll","CodeFilePath":null,"LineNumber":0,"Properties":[]}]}}
TpTrace Verbose: 0 : 3056, 11, 2024/08/07, 14:01:30.520, 166405835202, vstest.console.dll, TestRunRequest:SendTestRunStatsChange: Starting.
TpTrace Verbose: 0 : 3056, 11, 2024/08/07, 14:01:30.521, 166405837134, vstest.console.dll, InProgress is Application.Tests.Handlers.CreateReviewCommandHandlerTests.Handle_ShouldReturnCreateReviewCommandResponseWithSuccessEqualFalse_WhenReviewIsFound
TpTrace Verbose: 0 : 3056, 11, 2024/08/07, 14:01:30.521, 166405841597, vstest.console.dll, MulticastDelegateUtilities.SafeInvoke: TestRun.RunStatsChanged: Invoking callbacks was skipped because there are no subscribers.
TpTrace Information: 0 : 3056, 11, 2024/08/07, 14:01:30.521, 166405843105, vstest.console.dll, TestRunRequest:SendTestRunStatsChange: Completed.
TpTrace Verbose: 0 : 3056, 11, 2024/08/07, 14:01:30.521, 166405844046, vstest.console.dll, MulticastDelegateUtilities.SafeInvoke: LengthPrefixCommunicationChannel: MessageReceived: Invoking callback 1/1 for Microsoft.VisualStudio.TestPlatform.CommunicationUtilities.TestRequestSender+<>c__DisplayClass34_0., took 28 ms.
TpTrace Verbose: 0 : 3056, 11, 2024/08/07, 14:01:30.521, 166405844833, vstest.console.dll, TcpClientExtensions.MessageLoopAsync: Polling on remoteEndPoint: 127.0.0.1:60176 localEndPoint: 127.0.0.1:60174 after 217 ms
TpTrace Verbose: 0 : 3056, 11, 2024/08/07, 14:01:30.522, 166405845772, vstest.console.dll, TcpClientExtensions.MessageLoopAsync: NotifyDataAvailable remoteEndPoint: 127.0.0.1:60176 localEndPoint: 127.0.0.1:60174
TpTrace Verbose: 0 : 3056, 11, 2024/08/07, 14:01:30.522, 166405847309, vstest.console.dll, TestRequestSender.OnExecutionMessageReceived: Received message: {"Version":7,"MessageType":"TestSession.Message","Payload":{"MessageLevel":0,"Message":"[xUnit.net 00:00:01.71]   Finished:    Application.Tests"}}
TpTrace Verbose: 0 : 3056, 11, 2024/08/07, 14:01:30.522, 166405849315, vstest.console.dll, TestRunRequest:SendTestRunMessage: Starting.
TpTrace Verbose: 0 : 3056, 11, 2024/08/07, 14:01:30.522, 166405850568, vstest.console.dll, MulticastDelegateUtilities.SafeInvoke: TestRun.LogMessages: Invoking callback 1/1 for Microsoft.VisualStudio.TestPlatform.CommandLine.TestRunResultAggregator., took 0 ms.
TpTrace Information: 0 : 3056, 11, 2024/08/07, 14:01:30.522, 166405851518, vstest.console.dll, TestRunRequest:SendTestRunMessage: Completed.
TpTrace Verbose: 0 : 3056, 11, 2024/08/07, 14:01:30.522, 166405852295, vstest.console.dll, MulticastDelegateUtilities.SafeInvoke: LengthPrefixCommunicationChannel: MessageReceived: Invoking callback 1/1 for Microsoft.VisualStudio.TestPlatform.CommunicationUtilities.TestRequestSender+<>c__DisplayClass34_0., took 0 ms.
TpTrace Verbose: 0 : 3056, 11, 2024/08/07, 14:01:30.522, 166405852983, vstest.console.dll, TcpClientExtensions.MessageLoopAsync: Polling on remoteEndPoint: 127.0.0.1:60176 localEndPoint: 127.0.0.1:60174 after 0 ms
TpTrace Verbose: 0 : 3056, 4, 2024/08/07, 14:01:30.529, 166405917077, vstest.console.dll, MulticastDelegateUtilities.SafeInvoke: InternalTestLoggerEvents.SendTestResult: Invoking callback 1/1 for Microsoft.VisualStudio.TestPlatform.CommandLine.Internal.ConsoleLogger., took 7 ms.
TpTrace Verbose: 0 : 3056, 4, 2024/08/07, 14:01:30.530, 166405933000, vstest.console.dll, MulticastDelegateUtilities.SafeInvoke: InternalTestLoggerEvents.SendTestResult: Invoking callback 1/1 for Microsoft.VisualStudio.TestPlatform.CommandLine.Internal.ConsoleLogger., took 0 ms.
TpTrace Verbose: 0 : 3056, 4, 2024/08/07, 14:01:30.531, 166405938977, vstest.console.dll, MulticastDelegateUtilities.SafeInvoke: InternalTestLoggerEvents.SendTestResult: Invoking callback 1/1 for Microsoft.VisualStudio.TestPlatform.CommandLine.Internal.ConsoleLogger., took 0 ms.
TpTrace Verbose: 0 : 3056, 4, 2024/08/07, 14:01:30.533, 166405955806, vstest.console.dll, MulticastDelegateUtilities.SafeInvoke: InternalTestLoggerEvents.SendTestResult: Invoking callback 1/1 for Microsoft.VisualStudio.TestPlatform.CommandLine.Internal.ConsoleLogger., took 0 ms.
TpTrace Verbose: 0 : 3056, 4, 2024/08/07, 14:01:30.533, 166405958166, vstest.console.dll, MulticastDelegateUtilities.SafeInvoke: InternalTestLoggerEvents.SendTestResult: Invoking callback 1/1 for Microsoft.VisualStudio.TestPlatform.CommandLine.Internal.ConsoleLogger., took 0 ms.
TpTrace Verbose: 0 : 3056, 4, 2024/08/07, 14:01:30.533, 166405959828, vstest.console.dll, MulticastDelegateUtilities.SafeInvoke: InternalTestLoggerEvents.SendTestResult: Invoking callback 1/1 for Microsoft.VisualStudio.TestPlatform.CommandLine.Internal.ConsoleLogger., took 0 ms.
TpTrace Verbose: 0 : 3056, 4, 2024/08/07, 14:01:30.533, 166405961038, vstest.console.dll, MulticastDelegateUtilities.SafeInvoke: InternalTestLoggerEvents.SendTestResult: Invoking callback 1/1 for Microsoft.VisualStudio.TestPlatform.CommandLine.Internal.ConsoleLogger., took 0 ms.
TpTrace Verbose: 0 : 3056, 4, 2024/08/07, 14:01:30.533, 166405962072, vstest.console.dll, MulticastDelegateUtilities.SafeInvoke: InternalTestLoggerEvents.SendTestResult: Invoking callback 1/1 for Microsoft.VisualStudio.TestPlatform.CommandLine.Internal.ConsoleLogger., took 0 ms.
TpTrace Verbose: 0 : 3056, 4, 2024/08/07, 14:01:30.533, 166405963296, vstest.console.dll, MulticastDelegateUtilities.SafeInvoke: InternalTestLoggerEvents.SendTestResult: Invoking callback 1/1 for Microsoft.VisualStudio.TestPlatform.CommandLine.Internal.ConsoleLogger., took 0 ms.
TpTrace Verbose: 0 : 3056, 4, 2024/08/07, 14:01:30.533, 166405964146, vstest.console.dll, MulticastDelegateUtilities.SafeInvoke: InternalTestLoggerEvents.SendTestRunMessage: Invoking callback 1/1 for Microsoft.VisualStudio.TestPlatform.CommandLine.Internal.ConsoleLogger., took 0 ms.
TpTrace Verbose: 0 : 3056, 11, 2024/08/07, 14:01:30.577, 166406403122, vstest.console.dll, TcpClientExtensions.MessageLoopAsync: NotifyDataAvailable remoteEndPoint: 127.0.0.1:60176 localEndPoint: 127.0.0.1:60174
TpTrace Verbose: 0 : 3056, 11, 2024/08/07, 14:01:30.579, 166406415888, vstest.console.dll, TestRequestSender.OnExecutionMessageReceived: Received message: {"Version":7,"MessageType":"TestExecution.Completed","Payload":{"TestRunCompleteArgs":{"TestRunStatistics":{"ExecutedTests":10,"Stats":{"Passed":10}},"IsCanceled":false,"IsAborted":false,"Error":null,"AttachmentSets":[],"InvokedDataCollectors":[],"ElapsedTimeInRunningTests":"00:00:01.7538014","Metrics":{},"DiscoveredExtensions":{"TestDiscoverers":["Xunit.Runner.VisualStudio.VsTestRunner, xunit.runner.visualstudio.testadapter, Version=2.8.2.0, Culture=neutral, PublicKeyToken=null"],"TestExecutors":["executor://xunit/VsTestRunner2/netcoreapp"],"TestExecutors2":[],"TestSettingsProviders":[]}},"LastRunTests":{"NewTestResults":[{"TestCase":{"Id":"3ce4012c-b9e2-2cde-b300-3d58c2c622dd","FullyQualifiedName":"Application.Tests.Handlers.CreateReviewCommandHandlerTests.Handle_ShouldReturnCreateReviewCommandResponseWithSuccessEqualFalse_WhenReviewIsFound","DisplayName":"Application.Tests.Handlers.CreateReviewCommandHandlerTests.Handle_ShouldReturnCreateReviewCommandResponseWithSuccessEqualFalse_WhenReviewIsFound","ExecutorUri":"executor://xunit/VsTestRunner2/netcoreapp","Source":"C:\\Users\\gduluta\\OneDrive - Centric\\Desktop\\Steam\\Tests\\bin\\Debug\\net8.0\\fine-code-coverage\\build-output\\Application.Tests.dll","CodeFilePath":null,"LineNumber":0,"Properties":[]},"Attachments":[],"Outcome":1,"ErrorMessage":null,"ErrorStackTrace":null,"DisplayName":"Application.Tests.Handlers.CreateReviewCommandHandlerTests.Handle_ShouldReturnCreateReviewCommandResponseWithSuccessEqualFalse_WhenReviewIsFound","Messages":[],"ComputerName":"NBKR004119","Duration":"00:00:00.0021560","StartTime":"2024-08-07T11:01:30.4959581+00:00","EndTime":"2024-08-07T11:01:30.4959583+00:00","Properties":[]}],"TestRunStatistics":{"ExecutedTests":10,"Stats":{"Passed":10}},"ActiveTests":[]},"RunAttachments":[],"ExecutorUris":["executor://xunit/VsTestRunner2/netcoreapp"]}}
TpTrace Verbose: 0 : 3056, 11, 2024/08/07, 14:01:30.579, 166406419830, vstest.console.dll, TestRequestSender.EndSession: Sending end session.
TpTrace Verbose: 0 : 3056, 11, 2024/08/07, 14:01:30.580, 166406427434, vstest.console.dll, ProxyOperationManager.Close: waiting for test host to exit for 100 ms
TpTrace Verbose: 0 : 3056, 12, 2024/08/07, 14:01:30.619, 166406821766, vstest.console.dll, TestHostManagerCallbacks.ctor: Experimental forwarding output is disabled.
TpTrace Warning: 0 : 3056, 12, 2024/08/07, 14:01:30.619, 166406823852, vstest.console.dll, TestHostManagerCallbacks.ErrorReceivedCallback Test host standard error line: 
TpTrace Warning: 0 : 3056, 11, 2024/08/07, 14:01:30.675, 166407379081, vstest.console.dll, ProxyOperationManager: Timed out waiting for test host to exit. Will terminate process.
TpTrace Information: 0 : 3056, 11, 2024/08/07, 14:01:30.675, 166407381781, vstest.console.dll, SocketServer.Stop: Stop server endPoint: 127.0.0.1:60174
TpTrace Information: 0 : 3056, 11, 2024/08/07, 14:01:30.675, 166407384722, vstest.console.dll, SocketServer.Stop: Cancellation requested. Stopping message loop.
TpTrace Information: 0 : 3056, 11, 2024/08/07, 14:01:30.676, 166407388370, vstest.console.dll, Closing the connection
TpTrace Verbose: 0 : 3056, 12, 2024/08/07, 14:01:30.676, 166407388186, vstest.console.dll, TestHostProvider.ExitCallBack: Host exited starting callback.
TpTrace Information: 0 : 3056, 12, 2024/08/07, 14:01:30.676, 166407391417, vstest.console.dll, TestHostManagerCallbacks.ExitCallBack: Testhost processId: 22768 exited with exitcode: 0 error: ''
TpTrace Verbose: 0 : 3056, 12, 2024/08/07, 14:01:30.676, 166407392297, vstest.console.dll, DotnetTestHostManager.OnHostExited: invoking OnHostExited callback
TpTrace Verbose: 0 : 3056, 12, 2024/08/07, 14:01:30.676, 166407393420, vstest.console.dll, CrossPlatEngine.TestHostManagerHostExited: calling on client process exit callback.
TpTrace Information: 0 : 3056, 12, 2024/08/07, 14:01:30.676, 166407394455, vstest.console.dll, TestRequestSender.OnClientProcessExit: Test host process exited. Standard error: 
TpTrace Information: 0 : 3056, 12, 2024/08/07, 14:01:30.676, 166407395245, vstest.console.dll, SocketServer.Stop: Stop server endPoint: 127.0.0.1:60174
TpTrace Information: 0 : 3056, 12, 2024/08/07, 14:01:30.677, 166407395916, vstest.console.dll, SocketServer.Stop: Cancellation requested. Stopping message loop.
TpTrace Verbose: 0 : 3056, 12, 2024/08/07, 14:01:30.677, 166407396796, vstest.console.dll, MulticastDelegateUtilities.SafeInvoke: HostProviderEvents.OnHostExited: Invoking callback 1/1 for Microsoft.VisualStudio.TestPlatform.CrossPlatEngine.Client.ProxyOperationManager., took 0 ms.
TpTrace Verbose: 0 : 3056, 11, 2024/08/07, 14:01:30.678, 166407407153, vstest.console.dll, ProxyDataCollectionManager.InvokeDataCollectionServiceAction: Starting.
TpTrace Information: 0 : 3056, 11, 2024/08/07, 14:01:30.678, 166407411476, vstest.console.dll, ProxyDataCollectionManager.AfterTestRunEnd: Get attachment set and invoked data collectors processId: 23876 port: 60171
TpTrace Verbose: 0 : 3056, 11, 2024/08/07, 14:01:30.678, 166407413037, vstest.console.dll, DataCollectionRequestSender.SendAfterTestRunStartAndGetResult: Send AfterTestRunEnd message with isCancelled: False
TpTrace Verbose: 0 : 3056, 11, 2024/08/07, 14:01:30.701, 166407641775, vstest.console.dll, DataCollectionRequestSender.SendAfterTestRunStartAndGetResult: Received message: (DataCollection.AfterTestRunEndResult) -> {"MessageType":"DataCollection.AfterTestRunEndResult","Payload":{"AttachmentSets":[],"InvokedDataCollectors":[{"Uri":"datacollector://Microsoft/TestPlatform/Extensions/Blame/v1","FriendlyName":"Blame","AssemblyQualifiedName":"Microsoft.TestPlatform.Extensions.BlameDataCollector.BlameCollector, Microsoft.TestPlatform.Extensions.BlameDataCollector, Version=15.0.0.0, Culture=neutral, PublicKeyToken=b03f5f7f11d50a3a","FilePath":"C:\\Program Files\\dotnet\\sdk\\8.0.303\\Extensions\\Microsoft.TestPlatform.Extensions.BlameDataCollector.dll","HasAttachmentProcessor":false}],"Metrics":{}}}
TpTrace Information: 0 : 3056, 11, 2024/08/07, 14:01:30.723, 166407855942, vstest.console.dll, ProxyDataCollectionManager.InvokeDataCollectionServiceAction: Completed.
TpTrace Warning: 0 : 3056, 10, 2024/08/07, 14:01:30.723, 166407858588, vstest.console.dll, DataCollectionLauncher.ErrorReceivedCallback datacollector standard error line: 
TpTrace Information: 0 : 3056, 10, 2024/08/07, 14:01:30.741, 166408041444, vstest.console.dll, DataCollectionLauncher.ExitCallBack: Data collector exited with exitcode: 0 error: ''
TpTrace Verbose: 0 : 3056, 11, 2024/08/07, 14:01:30.828, 166408913019, vstest.console.dll, TestRunRequest:SendTestRunStatsChange: Starting.
TpTrace Verbose: 0 : 3056, 11, 2024/08/07, 14:01:30.828, 166408914688, vstest.console.dll, MulticastDelegateUtilities.SafeInvoke: TestRun.RunStatsChanged: Invoking callbacks was skipped because there are no subscribers.
TpTrace Information: 0 : 3056, 11, 2024/08/07, 14:01:30.829, 166408915734, vstest.console.dll, TestRunRequest:SendTestRunStatsChange: Completed.
TpTrace Verbose: 0 : 3056, 4, 2024/08/07, 14:01:30.829, 166408915884, vstest.console.dll, MulticastDelegateUtilities.SafeInvoke: InternalTestLoggerEvents.SendTestResult: Invoking callback 1/1 for Microsoft.VisualStudio.TestPlatform.CommandLine.Internal.ConsoleLogger., took 0 ms.
TpTrace Verbose: 0 : 3056, 11, 2024/08/07, 14:01:30.830, 166408932015, vstest.console.dll, ParallelProxyExecutionManager: HandlePartialRunComplete: Total workloads = 1, Total started clients = 1 Total completed clients = 1, Run complete = True, Run canceled: False.
TpTrace Verbose: 0 : 3056, 11, 2024/08/07, 14:01:30.830, 166408933415, vstest.console.dll, ParallelProxyExecutionManager: HandlePartialRunComplete: All runs completed stopping all managers.
TpTrace Verbose: 0 : 3056, 11, 2024/08/07, 14:01:30.830, 166408934392, vstest.console.dll, ParallelOperationManager.StopAllManagers: Stopping all managers.
TpTrace Verbose: 0 : 3056, 11, 2024/08/07, 14:01:30.830, 166408935495, vstest.console.dll, ParallelOperationManager.ClearSlots: Clearing all slots. Slots should accept more work: False
TpTrace Verbose: 0 : 3056, 11, 2024/08/07, 14:01:30.831, 166408937318, vstest.console.dll, ParallelOperationManager.SetOccupiedSlotCount: Setting slot counts AvailableSlotCount = 1, OccupiedSlotCount = 0.
TpTrace Verbose: 0 : 3056, 11, 2024/08/07, 14:01:30.831, 166408939017, vstest.console.dll, Occupied slots:

TpTrace Verbose: 0 : 3056, 4, 2024/08/07, 14:01:30.856, 166409193616, vstest.console.dll, MulticastDelegateUtilities.SafeInvoke: InternalTestLoggerEvents.SendTestRunComplete: Invoking callback 1/2 for Microsoft.TestPlatform.Extensions.BlameDataCollector.BlameLogger., took 0 ms.
TpTrace Verbose: 0 : 3056, 4, 2024/08/07, 14:01:30.869, 166409319368, vstest.console.dll, MulticastDelegateUtilities.SafeInvoke: InternalTestLoggerEvents.SendTestRunComplete: Invoking callback 2/2 for Microsoft.VisualStudio.TestPlatform.CommandLine.Internal.ConsoleLogger., took 12 ms.
TpTrace Verbose: 0 : 3056, 11, 2024/08/07, 14:01:30.870, 166409331882, vstest.console.dll, TestRunRequest:TestRunComplete: Starting. IsAborted:False IsCanceled:False.
TpTrace Verbose: 0 : 3056, 11, 2024/08/07, 14:01:30.871, 166409335862, vstest.console.dll, ParallelOperationManager.DoActionOnAllManagers: Calling an action on all managers.
TpTrace Verbose: 0 : 3056, 11, 2024/08/07, 14:01:30.873, 166409356487, vstest.console.dll, TestLoggerManager.HandleTestRunComplete: Ignoring as the object is disposed.
TpTrace Verbose: 0 : 3056, 11, 2024/08/07, 14:01:30.873, 166409361895, vstest.console.dll, MulticastDelegateUtilities.SafeInvoke: TestRun.TestRunComplete: Invoking callback 1/2 for Microsoft.VisualStudio.TestPlatform.CommandLine.TestRunResultAggregator., took 0 ms.
TpTrace Verbose: 0 : 3056, 11, 2024/08/07, 14:01:30.874, 166409369011, vstest.console.dll, MulticastDelegateUtilities.SafeInvoke: TestRun.TestRunComplete: Invoking callback 2/2 for Microsoft.VisualStudio.TestPlatform.CommandLine.Processors.RunTestsArgumentExecutor+TestRunRequestEventsRegistrar., took 0 ms.
TpTrace Information: 0 : 3056, 11, 2024/08/07, 14:01:30.874, 166409372033, vstest.console.dll, TestRunRequest:TestRunComplete: Completed.
TpTrace Verbose: 0 : 3056, 11, 2024/08/07, 14:01:30.874, 166409373064, vstest.console.dll, TestRequestSender.SetOperationComplete: Setting operation complete.
TpTrace Information: 0 : 3056, 11, 2024/08/07, 14:01:30.874, 166409373800, vstest.console.dll, SocketServer.Stop: Stop server endPoint: 127.0.0.1:60174
TpTrace Information: 0 : 3056, 11, 2024/08/07, 14:01:30.874, 166409374401, vstest.console.dll, SocketServer.Stop: Cancellation requested. Stopping message loop.
TpTrace Verbose: 0 : 3056, 11, 2024/08/07, 14:01:30.874, 166409375157, vstest.console.dll, MulticastDelegateUtilities.SafeInvoke: LengthPrefixCommunicationChannel: MessageReceived: Invoking callback 1/1 for Microsoft.VisualStudio.TestPlatform.CommunicationUtilities.TestRequestSender+<>c__DisplayClass34_0., took 296 ms.
TpTrace Information: 0 : 3056, 11, 2024/08/07, 14:01:30.875, 166409376127, vstest.console.dll, SocketServer.PrivateStop: Stopping server endPoint: 127.0.0.1:60174 error: 
TpTrace Verbose: 0 : 3056, 1, 2024/08/07, 14:01:30.875, 166409382341, vstest.console.dll, TestRunRequest.Dispose: Starting.
TpTrace Verbose: 0 : 3056, 11, 2024/08/07, 14:01:30.875, 166409384313, vstest.console.dll, LengthPrefixCommunicationChannel.Dispose: Dispose reader and writer.
TpTrace Information: 0 : 3056, 1, 2024/08/07, 14:01:30.875, 166409384660, vstest.console.dll, TestRunRequest.Dispose: Completed.
TpTrace Information: 0 : 3056, 1, 2024/08/07, 14:01:30.876, 166409385710, vstest.console.dll, TestRequestManager.RunTests: run tests completed.
TpTrace Information: 0 : 3056, 11, 2024/08/07, 14:01:30.876, 166409387087, vstest.console.dll, SocketServer.Stop: Raise disconnected event endPoint: 127.0.0.1:60174 error: 
TpTrace Information: 0 : 3056, 1, 2024/08/07, 14:01:30.876, 166409387331, vstest.console.dll, RunTestsArgumentProcessor:Execute: Test run is completed.
TpTrace Verbose: 0 : 3056, 11, 2024/08/07, 14:01:30.876, 166409389388, vstest.console.dll, TestRequestSender: OnTestRunAbort: Operation is already complete. Skip error message.
TpTrace Verbose: 0 : 3056, 11, 2024/08/07, 14:01:30.876, 166409390290, vstest.console.dll, MulticastDelegateUtilities.SafeInvoke: SocketServer: ClientDisconnected: Invoking callback 1/1 for Microsoft.VisualStudio.TestPlatform.CommunicationUtilities.TestRequestSender., took 0 ms.
TpTrace Verbose: 0 : 3056, 11, 2024/08/07, 14:01:30.876, 166409390961, vstest.console.dll, TcpClientExtensions.MessageLoopAsync: exiting MessageLoopAsync remoteEndPoint: 127.0.0.1:60176 localEndPoint: 127.0.0.1:60174
TpTrace Verbose: 0 : 3056, 1, 2024/08/07, 14:01:30.876, 166409392757, vstest.console.dll, Executor.Execute: Exiting with exit code of 0
